{"/Users/randalkamradt/github/meta-app/meta-data/meta-models.js":{"path":"/Users/randalkamradt/github/meta-app/meta-data/meta-models.js","s":{"1":1,"2":1,"3":10,"4":10,"5":10,"6":20,"7":10,"8":3,"9":16,"10":16,"11":1,"12":15},"b":{"1":[1,15]},"f":{"1":10,"2":10,"3":3,"4":16},"fnMap":{"1":{"name":"(anonymous_1)","line":22,"loc":{"start":{"line":22,"column":17},"end":{"line":22,"column":32}}},"2":{"name":"(anonymous_2)","line":25,"loc":{"start":{"line":25,"column":18},"end":{"line":25,"column":33}}},"3":{"name":"(anonymous_3)","line":33,"loc":{"start":{"line":33,"column":17},"end":{"line":33,"column":28}}},"4":{"name":"(anonymous_4)","line":41,"loc":{"start":{"line":41,"column":16},"end":{"line":41,"column":36}}}},"statementMap":{"1":{"start":{"line":13,"column":1},"end":{"line":13,"column":44}},"2":{"start":{"line":22,"column":0},"end":{"line":49,"column":2}},"3":{"start":{"line":23,"column":2},"end":{"line":48,"column":4}},"4":{"start":{"line":26,"column":6},"end":{"line":26,"column":19}},"5":{"start":{"line":27,"column":6},"end":{"line":30,"column":7}},"6":{"start":{"line":28,"column":8},"end":{"line":29,"column":46}},"7":{"start":{"line":31,"column":6},"end":{"line":31,"column":17}},"8":{"start":{"line":34,"column":6},"end":{"line":34,"column":28}},"9":{"start":{"line":42,"column":6},"end":{"line":42,"column":47}},"10":{"start":{"line":43,"column":6},"end":{"line":45,"column":7}},"11":{"start":{"line":44,"column":8},"end":{"line":44,"column":57}},"12":{"start":{"line":46,"column":6},"end":{"line":46,"column":22}}},"branchMap":{"1":{"line":43,"type":"if","locations":[{"start":{"line":43,"column":6},"end":{"line":43,"column":6}},{"start":{"line":43,"column":6},"end":{"line":43,"column":6}}]}}},"/Users/randalkamradt/github/meta-app/meta-data/meta-model.js":{"path":"/Users/randalkamradt/github/meta-app/meta-data/meta-model.js","s":{"1":1,"2":1,"3":31,"4":31,"5":31,"6":98,"7":31,"8":31,"9":79,"10":19,"11":14,"12":169,"13":501,"14":30,"15":32,"16":129,"17":129,"18":324,"19":324,"20":128,"21":128,"22":129,"23":1,"24":128,"25":39,"26":39,"27":156,"28":156,"29":0,"30":39,"31":32,"32":38,"33":10,"34":17,"35":17,"36":1,"37":16,"38":3,"39":6},"b":{"1":[19,60],"2":[128,196],"3":[1,128],"4":[0,156],"5":[32,7],"6":[1,16],"7":[3,13]},"f":{"1":31,"2":31,"3":31,"4":14,"5":169,"6":501,"7":30,"8":32,"9":39,"10":10},"fnMap":{"1":{"name":"(anonymous_1)","line":16,"loc":{"start":{"line":16,"column":17},"end":{"line":16,"column":32}}},"2":{"name":"(anonymous_2)","line":20,"loc":{"start":{"line":20,"column":21},"end":{"line":20,"column":36}}},"3":{"name":"(anonymous_3)","line":28,"loc":{"start":{"line":28,"column":13},"end":{"line":28,"column":28}}},"4":{"name":"(anonymous_4)","line":39,"loc":{"start":{"line":39,"column":15},"end":{"line":39,"column":26}}},"5":{"name":"(anonymous_5)","line":46,"loc":{"start":{"line":46,"column":21},"end":{"line":46,"column":32}}},"6":{"name":"(anonymous_6)","line":54,"loc":{"start":{"line":54,"column":19},"end":{"line":54,"column":34}}},"7":{"name":"(anonymous_7)","line":61,"loc":{"start":{"line":61,"column":14},"end":{"line":61,"column":25}}},"8":{"name":"(anonymous_8)","line":69,"loc":{"start":{"line":69,"column":13},"end":{"line":69,"column":33}}},"9":{"name":"(anonymous_9)","line":90,"loc":{"start":{"line":90,"column":14},"end":{"line":90,"column":29}}},"10":{"name":"(anonymous_10)","line":114,"loc":{"start":{"line":114,"column":15},"end":{"line":114,"column":30}}}},"statementMap":{"1":{"start":{"line":8,"column":0},"end":{"line":8,"column":49}},"2":{"start":{"line":16,"column":0},"end":{"line":127,"column":2}},"3":{"start":{"line":17,"column":2},"end":{"line":126,"column":4}},"4":{"start":{"line":21,"column":6},"end":{"line":21,"column":19}},"5":{"start":{"line":22,"column":6},"end":{"line":25,"column":7}},"6":{"start":{"line":23,"column":8},"end":{"line":24,"column":53}},"7":{"start":{"line":26,"column":6},"end":{"line":26,"column":17}},"8":{"start":{"line":29,"column":6},"end":{"line":33,"column":7}},"9":{"start":{"line":30,"column":8},"end":{"line":32,"column":9}},"10":{"start":{"line":31,"column":10},"end":{"line":31,"column":60}},"11":{"start":{"line":40,"column":6},"end":{"line":40,"column":24}},"12":{"start":{"line":47,"column":6},"end":{"line":47,"column":31}},"13":{"start":{"line":55,"column":6},"end":{"line":55,"column":37}},"14":{"start":{"line":62,"column":6},"end":{"line":62,"column":23}},"15":{"start":{"line":70,"column":6},"end":{"line":83,"column":7}},"16":{"start":{"line":71,"column":8},"end":{"line":71,"column":26}},"17":{"start":{"line":72,"column":8},"end":{"line":78,"column":9}},"18":{"start":{"line":73,"column":10},"end":{"line":73,"column":48}},"19":{"start":{"line":74,"column":10},"end":{"line":77,"column":11}},"20":{"start":{"line":75,"column":12},"end":{"line":75,"column":25}},"21":{"start":{"line":76,"column":12},"end":{"line":76,"column":18}},"22":{"start":{"line":79,"column":8},"end":{"line":81,"column":9}},"23":{"start":{"line":80,"column":10},"end":{"line":80,"column":71}},"24":{"start":{"line":82,"column":8},"end":{"line":82,"column":25}},"25":{"start":{"line":91,"column":6},"end":{"line":91,"column":19}},"26":{"start":{"line":92,"column":6},"end":{"line":97,"column":7}},"27":{"start":{"line":93,"column":8},"end":{"line":93,"column":46}},"28":{"start":{"line":94,"column":8},"end":{"line":96,"column":9}},"29":{"start":{"line":95,"column":10},"end":{"line":95,"column":55}},"30":{"start":{"line":98,"column":6},"end":{"line":100,"column":7}},"31":{"start":{"line":99,"column":8},"end":{"line":99,"column":30}},"32":{"start":{"line":101,"column":6},"end":{"line":101,"column":17}},"33":{"start":{"line":115,"column":6},"end":{"line":123,"column":7}},"34":{"start":{"line":116,"column":8},"end":{"line":116,"column":46}},"35":{"start":{"line":117,"column":8},"end":{"line":119,"column":9}},"36":{"start":{"line":118,"column":10},"end":{"line":118,"column":54}},"37":{"start":{"line":120,"column":8},"end":{"line":122,"column":9}},"38":{"start":{"line":121,"column":10},"end":{"line":121,"column":23}},"39":{"start":{"line":124,"column":6},"end":{"line":124,"column":18}}},"branchMap":{"1":{"line":30,"type":"if","locations":[{"start":{"line":30,"column":8},"end":{"line":30,"column":8}},{"start":{"line":30,"column":8},"end":{"line":30,"column":8}}]},"2":{"line":74,"type":"if","locations":[{"start":{"line":74,"column":10},"end":{"line":74,"column":10}},{"start":{"line":74,"column":10},"end":{"line":74,"column":10}}]},"3":{"line":79,"type":"if","locations":[{"start":{"line":79,"column":8},"end":{"line":79,"column":8}},{"start":{"line":79,"column":8},"end":{"line":79,"column":8}}]},"4":{"line":94,"type":"if","locations":[{"start":{"line":94,"column":8},"end":{"line":94,"column":8}},{"start":{"line":94,"column":8},"end":{"line":94,"column":8}}]},"5":{"line":98,"type":"if","locations":[{"start":{"line":98,"column":6},"end":{"line":98,"column":6}},{"start":{"line":98,"column":6},"end":{"line":98,"column":6}}]},"6":{"line":117,"type":"if","locations":[{"start":{"line":117,"column":8},"end":{"line":117,"column":8}},{"start":{"line":117,"column":8},"end":{"line":117,"column":8}}]},"7":{"line":120,"type":"if","locations":[{"start":{"line":120,"column":8},"end":{"line":120,"column":8}},{"start":{"line":120,"column":8},"end":{"line":120,"column":8}}]}}},"/Users/randalkamradt/github/meta-app/meta-data/meta-property.js":{"path":"/Users/randalkamradt/github/meta-app/meta-data/meta-property.js","s":{"1":1,"2":1,"3":137,"4":137,"5":1,"6":136,"7":97,"8":39,"9":136,"10":136,"11":136,"12":136,"13":136,"14":136,"15":136,"16":133,"17":41,"18":3,"19":0,"20":136,"21":0,"22":3,"23":5,"24":361,"25":158,"26":3,"27":3,"28":36,"29":20,"30":0,"31":20,"32":12,"33":8,"34":137,"35":136},"b":{"1":[1,136],"2":[97,39],"3":[136,97],"4":[136,135,96],"5":[136,94],"6":[133,3],"7":[41,92],"8":[0,3],"9":[0,136],"10":[136,44,0],"11":[0,20],"12":[12,8]},"f":{"1":137,"2":137,"3":3,"4":5,"5":361,"6":158,"7":3,"8":3,"9":36,"10":20},"fnMap":{"1":{"name":"(anonymous_1)","line":15,"loc":{"start":{"line":15,"column":17},"end":{"line":15,"column":32}}},"2":{"name":"(anonymous_2)","line":29,"loc":{"start":{"line":29,"column":12},"end":{"line":29,"column":27}}},"3":{"name":"(anonymous_3)","line":61,"loc":{"start":{"line":61,"column":17},"end":{"line":61,"column":28}}},"4":{"name":"(anonymous_4)","line":68,"loc":{"start":{"line":68,"column":13},"end":{"line":68,"column":24}}},"5":{"name":"(anonymous_5)","line":75,"loc":{"start":{"line":75,"column":15},"end":{"line":75,"column":26}}},"6":{"name":"(anonymous_6)","line":82,"loc":{"start":{"line":82,"column":23},"end":{"line":82,"column":34}}},"7":{"name":"(anonymous_7)","line":85,"loc":{"start":{"line":85,"column":15},"end":{"line":85,"column":26}}},"8":{"name":"(anonymous_8)","line":88,"loc":{"start":{"line":88,"column":18},"end":{"line":88,"column":29}}},"9":{"name":"(anonymous_9)","line":91,"loc":{"start":{"line":91,"column":18},"end":{"line":91,"column":29}}},"10":{"name":"(anonymous_10)","line":94,"loc":{"start":{"line":94,"column":15},"end":{"line":94,"column":29}}}},"statementMap":{"1":{"start":{"line":8,"column":0},"end":{"line":8,"column":155}},"2":{"start":{"line":15,"column":0},"end":{"line":106,"column":2}},"3":{"start":{"line":16,"column":2},"end":{"line":103,"column":4}},"4":{"start":{"line":30,"column":6},"end":{"line":32,"column":7}},"5":{"start":{"line":31,"column":8},"end":{"line":31,"column":66}},"6":{"start":{"line":33,"column":6},"end":{"line":37,"column":7}},"7":{"start":{"line":34,"column":8},"end":{"line":34,"column":37}},"8":{"start":{"line":36,"column":8},"end":{"line":36,"column":29}},"9":{"start":{"line":38,"column":6},"end":{"line":38,"column":36}},"10":{"start":{"line":39,"column":6},"end":{"line":39,"column":29}},"11":{"start":{"line":40,"column":6},"end":{"line":40,"column":58}},"12":{"start":{"line":41,"column":6},"end":{"line":41,"column":35}},"13":{"start":{"line":42,"column":6},"end":{"line":42,"column":41}},"14":{"start":{"line":43,"column":6},"end":{"line":43,"column":33}},"15":{"start":{"line":44,"column":6},"end":{"line":52,"column":7}},"16":{"start":{"line":45,"column":8},"end":{"line":47,"column":9}},"17":{"start":{"line":46,"column":10},"end":{"line":46,"column":39}},"18":{"start":{"line":49,"column":8},"end":{"line":51,"column":9}},"19":{"start":{"line":50,"column":10},"end":{"line":50,"column":47}},"20":{"start":{"line":53,"column":6},"end":{"line":55,"column":7}},"21":{"start":{"line":54,"column":10},"end":{"line":54,"column":91}},"22":{"start":{"line":62,"column":6},"end":{"line":62,"column":27}},"23":{"start":{"line":69,"column":6},"end":{"line":69,"column":23}},"24":{"start":{"line":76,"column":6},"end":{"line":76,"column":24}},"25":{"start":{"line":83,"column":6},"end":{"line":83,"column":27}},"26":{"start":{"line":86,"column":6},"end":{"line":86,"column":24}},"27":{"start":{"line":89,"column":6},"end":{"line":89,"column":28}},"28":{"start":{"line":92,"column":6},"end":{"line":92,"column":27}},"29":{"start":{"line":95,"column":6},"end":{"line":97,"column":7}},"30":{"start":{"line":96,"column":8},"end":{"line":96,"column":33}},"31":{"start":{"line":98,"column":6},"end":{"line":100,"column":7}},"32":{"start":{"line":99,"column":8},"end":{"line":99,"column":43}},"33":{"start":{"line":101,"column":6},"end":{"line":101,"column":18}},"34":{"start":{"line":104,"column":2},"end":{"line":104,"column":17}},"35":{"start":{"line":105,"column":2},"end":{"line":105,"column":13}}},"branchMap":{"1":{"line":30,"type":"if","locations":[{"start":{"line":30,"column":6},"end":{"line":30,"column":6}},{"start":{"line":30,"column":6},"end":{"line":30,"column":6}}]},"2":{"line":33,"type":"if","locations":[{"start":{"line":33,"column":6},"end":{"line":33,"column":6}},{"start":{"line":33,"column":6},"end":{"line":33,"column":6}}]},"3":{"line":38,"type":"binary-expr","locations":[{"start":{"line":38,"column":18},"end":{"line":38,"column":26}},{"start":{"line":38,"column":30},"end":{"line":38,"column":35}}]},"4":{"line":40,"type":"binary-expr","locations":[{"start":{"line":40,"column":23},"end":{"line":40,"column":36}},{"start":{"line":40,"column":40},"end":{"line":40,"column":48}},{"start":{"line":40,"column":52},"end":{"line":40,"column":57}}]},"5":{"line":42,"type":"binary-expr","locations":[{"start":{"line":42,"column":19},"end":{"line":42,"column":28}},{"start":{"line":42,"column":32},"end":{"line":42,"column":40}}]},"6":{"line":44,"type":"if","locations":[{"start":{"line":44,"column":6},"end":{"line":44,"column":6}},{"start":{"line":44,"column":6},"end":{"line":44,"column":6}}]},"7":{"line":45,"type":"if","locations":[{"start":{"line":45,"column":8},"end":{"line":45,"column":8}},{"start":{"line":45,"column":8},"end":{"line":45,"column":8}}]},"8":{"line":49,"type":"if","locations":[{"start":{"line":49,"column":8},"end":{"line":49,"column":8}},{"start":{"line":49,"column":8},"end":{"line":49,"column":8}}]},"9":{"line":53,"type":"if","locations":[{"start":{"line":53,"column":6},"end":{"line":53,"column":6}},{"start":{"line":53,"column":6},"end":{"line":53,"column":6}}]},"10":{"line":53,"type":"binary-expr","locations":[{"start":{"line":53,"column":9},"end":{"line":53,"column":22}},{"start":{"line":53,"column":26},"end":{"line":53,"column":39}},{"start":{"line":53,"column":43},"end":{"line":53,"column":77}}]},"11":{"line":95,"type":"if","locations":[{"start":{"line":95,"column":6},"end":{"line":95,"column":6}},{"start":{"line":95,"column":6},"end":{"line":95,"column":6}}]},"12":{"line":98,"type":"if","locations":[{"start":{"line":98,"column":6},"end":{"line":98,"column":6}},{"start":{"line":98,"column":6},"end":{"line":98,"column":6}}]}}},"/Users/randalkamradt/github/meta-app/meta-data/file-storage.js":{"path":"/Users/randalkamradt/github/meta-app/meta-data/file-storage.js","s":{"1":1,"2":1,"3":8,"4":18,"5":18,"6":18,"7":7,"8":7,"9":11,"10":11,"11":0,"12":11,"13":11,"14":18,"15":18,"16":18,"17":0,"18":18,"19":5,"20":5,"21":5,"22":0,"23":5,"24":5,"25":2,"26":2,"27":2,"28":0,"29":2,"30":2,"31":2,"32":1,"33":0,"34":0,"35":1,"36":1,"37":1,"38":1,"39":0,"40":1,"41":1,"42":1,"43":1,"44":1,"45":1,"46":0,"47":1,"48":1,"49":4,"50":4,"51":4,"52":0,"53":4,"54":4,"55":4,"56":0,"57":0,"58":4,"59":4,"60":4,"61":0,"62":4,"63":4,"64":4,"65":4,"66":4,"67":4,"68":2,"69":0,"70":0,"71":2,"72":2,"73":2,"74":0,"75":2,"76":2,"77":3,"78":1,"79":1,"80":2},"b":{"1":[7,11],"2":[0,11],"3":[0,18],"4":[0,5],"5":[0,2],"6":[0,1],"7":[0,1],"8":[1,0],"9":[0,1],"10":[0,4],"11":[0,4],"12":[0,4],"13":[4,0],"14":[0,2],"15":[0,2],"16":[1,2]},"f":{"1":8,"2":18,"3":18,"4":11,"5":18,"6":18,"7":5,"8":5,"9":2,"10":2,"11":1,"12":1,"13":4,"14":4,"15":4,"16":4,"17":2,"18":2},"fnMap":{"1":{"name":"(anonymous_1)","line":15,"loc":{"start":{"line":15,"column":17},"end":{"line":15,"column":43}}},"2":{"name":"(anonymous_2)","line":21,"loc":{"start":{"line":21,"column":17},"end":{"line":21,"column":32}}},"3":{"name":"(anonymous_3)","line":23,"loc":{"start":{"line":23,"column":33},"end":{"line":23,"column":50}}},"4":{"name":"(anonymous_4)","line":28,"loc":{"start":{"line":28,"column":39},"end":{"line":28,"column":59}}},"5":{"name":"(anonymous_5)","line":39,"loc":{"start":{"line":39,"column":18},"end":{"line":39,"column":41}}},"6":{"name":"(anonymous_6)","line":41,"loc":{"start":{"line":41,"column":42},"end":{"line":41,"column":56}}},"7":{"name":"(anonymous_7)","line":54,"loc":{"start":{"line":54,"column":12},"end":{"line":54,"column":30}}},"8":{"name":"(anonymous_8)","line":56,"loc":{"start":{"line":56,"column":21},"end":{"line":56,"column":35}}},"9":{"name":"(anonymous_9)","line":69,"loc":{"start":{"line":69,"column":11},"end":{"line":69,"column":32}}},"10":{"name":"(anonymous_10)","line":71,"loc":{"start":{"line":71,"column":21},"end":{"line":71,"column":35}}},"11":{"name":"(anonymous_11)","line":85,"loc":{"start":{"line":85,"column":14},"end":{"line":85,"column":35}}},"12":{"name":"(anonymous_12)","line":92,"loc":{"start":{"line":92,"column":21},"end":{"line":92,"column":35}}},"13":{"name":"(anonymous_13)","line":115,"loc":{"start":{"line":115,"column":15},"end":{"line":115,"column":30}}},"14":{"name":"(anonymous_14)","line":117,"loc":{"start":{"line":117,"column":21},"end":{"line":117,"column":35}}},"15":{"name":"(anonymous_15)","line":130,"loc":{"start":{"line":130,"column":12},"end":{"line":130,"column":32}}},"16":{"name":"(anonymous_16)","line":136,"loc":{"start":{"line":136,"column":21},"end":{"line":136,"column":35}}},"17":{"name":"(anonymous_17)","line":155,"loc":{"start":{"line":155,"column":14},"end":{"line":155,"column":34}}},"18":{"name":"(anonymous_18)","line":161,"loc":{"start":{"line":161,"column":21},"end":{"line":161,"column":35}}}},"statementMap":{"1":{"start":{"line":8,"column":0},"end":{"line":8,"column":23}},"2":{"start":{"line":15,"column":0},"end":{"line":176,"column":2}},"3":{"start":{"line":16,"column":2},"end":{"line":175,"column":4}},"4":{"start":{"line":22,"column":6},"end":{"line":22,"column":22}},"5":{"start":{"line":23,"column":6},"end":{"line":37,"column":9}},"6":{"start":{"line":24,"column":8},"end":{"line":36,"column":9}},"7":{"start":{"line":25,"column":10},"end":{"line":25,"column":26}},"8":{"start":{"line":26,"column":10},"end":{"line":26,"column":17}},"9":{"start":{"line":28,"column":10},"end":{"line":35,"column":13}},"10":{"start":{"line":29,"column":12},"end":{"line":34,"column":13}},"11":{"start":{"line":30,"column":14},"end":{"line":30,"column":24}},"12":{"start":{"line":32,"column":14},"end":{"line":32,"column":44}},"13":{"start":{"line":33,"column":14},"end":{"line":33,"column":21}},"14":{"start":{"line":40,"column":6},"end":{"line":40,"column":44}},"15":{"start":{"line":41,"column":6},"end":{"line":47,"column":9}},"16":{"start":{"line":42,"column":8},"end":{"line":46,"column":9}},"17":{"start":{"line":43,"column":10},"end":{"line":43,"column":20}},"18":{"start":{"line":45,"column":10},"end":{"line":45,"column":29}},"19":{"start":{"line":55,"column":6},"end":{"line":55,"column":22}},"20":{"start":{"line":56,"column":6},"end":{"line":62,"column":9}},"21":{"start":{"line":57,"column":8},"end":{"line":59,"column":9}},"22":{"start":{"line":58,"column":10},"end":{"line":58,"column":20}},"23":{"start":{"line":60,"column":8},"end":{"line":60,"column":42}},"24":{"start":{"line":61,"column":8},"end":{"line":61,"column":30}},"25":{"start":{"line":70,"column":6},"end":{"line":70,"column":22}},"26":{"start":{"line":71,"column":6},"end":{"line":78,"column":9}},"27":{"start":{"line":72,"column":8},"end":{"line":74,"column":9}},"28":{"start":{"line":73,"column":10},"end":{"line":73,"column":20}},"29":{"start":{"line":75,"column":8},"end":{"line":75,"column":30}},"30":{"start":{"line":76,"column":8},"end":{"line":76,"column":36}},"31":{"start":{"line":77,"column":8},"end":{"line":77,"column":35}},"32":{"start":{"line":86,"column":6},"end":{"line":89,"column":7}},"33":{"start":{"line":87,"column":8},"end":{"line":87,"column":42}},"34":{"start":{"line":88,"column":8},"end":{"line":88,"column":15}},"35":{"start":{"line":90,"column":6},"end":{"line":90,"column":47}},"36":{"start":{"line":91,"column":6},"end":{"line":91,"column":22}},"37":{"start":{"line":92,"column":6},"end":{"line":109,"column":9}},"38":{"start":{"line":93,"column":8},"end":{"line":95,"column":9}},"39":{"start":{"line":94,"column":10},"end":{"line":94,"column":20}},"40":{"start":{"line":96,"column":8},"end":{"line":96,"column":20}},"41":{"start":{"line":97,"column":8},"end":{"line":102,"column":9}},"42":{"start":{"line":98,"column":10},"end":{"line":101,"column":11}},"43":{"start":{"line":99,"column":12},"end":{"line":99,"column":19}},"44":{"start":{"line":100,"column":12},"end":{"line":100,"column":18}},"45":{"start":{"line":103,"column":8},"end":{"line":107,"column":9}},"46":{"start":{"line":104,"column":10},"end":{"line":104,"column":32}},"47":{"start":{"line":106,"column":10},"end":{"line":106,"column":32}},"48":{"start":{"line":108,"column":8},"end":{"line":108,"column":30}},"49":{"start":{"line":116,"column":6},"end":{"line":116,"column":22}},"50":{"start":{"line":117,"column":6},"end":{"line":123,"column":9}},"51":{"start":{"line":118,"column":8},"end":{"line":120,"column":9}},"52":{"start":{"line":119,"column":10},"end":{"line":119,"column":20}},"53":{"start":{"line":121,"column":8},"end":{"line":121,"column":40}},"54":{"start":{"line":122,"column":8},"end":{"line":122,"column":35}},"55":{"start":{"line":131,"column":6},"end":{"line":134,"column":7}},"56":{"start":{"line":132,"column":8},"end":{"line":132,"column":42}},"57":{"start":{"line":133,"column":8},"end":{"line":133,"column":15}},"58":{"start":{"line":135,"column":6},"end":{"line":135,"column":22}},"59":{"start":{"line":136,"column":6},"end":{"line":148,"column":9}},"60":{"start":{"line":137,"column":8},"end":{"line":139,"column":9}},"61":{"start":{"line":138,"column":10},"end":{"line":138,"column":20}},"62":{"start":{"line":140,"column":8},"end":{"line":140,"column":23}},"63":{"start":{"line":141,"column":8},"end":{"line":146,"column":9}},"64":{"start":{"line":142,"column":10},"end":{"line":145,"column":11}},"65":{"start":{"line":143,"column":12},"end":{"line":143,"column":32}},"66":{"start":{"line":144,"column":12},"end":{"line":144,"column":18}},"67":{"start":{"line":147,"column":8},"end":{"line":147,"column":35}},"68":{"start":{"line":156,"column":6},"end":{"line":159,"column":7}},"69":{"start":{"line":157,"column":8},"end":{"line":157,"column":42}},"70":{"start":{"line":158,"column":8},"end":{"line":158,"column":15}},"71":{"start":{"line":160,"column":6},"end":{"line":160,"column":22}},"72":{"start":{"line":161,"column":6},"end":{"line":173,"column":9}},"73":{"start":{"line":162,"column":8},"end":{"line":164,"column":9}},"74":{"start":{"line":163,"column":10},"end":{"line":163,"column":20}},"75":{"start":{"line":165,"column":8},"end":{"line":165,"column":23}},"76":{"start":{"line":166,"column":8},"end":{"line":171,"column":9}},"77":{"start":{"line":167,"column":10},"end":{"line":170,"column":11}},"78":{"start":{"line":168,"column":12},"end":{"line":168,"column":45}},"79":{"start":{"line":169,"column":12},"end":{"line":169,"column":18}},"80":{"start":{"line":172,"column":8},"end":{"line":172,"column":35}}},"branchMap":{"1":{"line":24,"type":"if","locations":[{"start":{"line":24,"column":8},"end":{"line":24,"column":8}},{"start":{"line":24,"column":8},"end":{"line":24,"column":8}}]},"2":{"line":29,"type":"if","locations":[{"start":{"line":29,"column":12},"end":{"line":29,"column":12}},{"start":{"line":29,"column":12},"end":{"line":29,"column":12}}]},"3":{"line":42,"type":"if","locations":[{"start":{"line":42,"column":8},"end":{"line":42,"column":8}},{"start":{"line":42,"column":8},"end":{"line":42,"column":8}}]},"4":{"line":57,"type":"if","locations":[{"start":{"line":57,"column":8},"end":{"line":57,"column":8}},{"start":{"line":57,"column":8},"end":{"line":57,"column":8}}]},"5":{"line":72,"type":"if","locations":[{"start":{"line":72,"column":8},"end":{"line":72,"column":8}},{"start":{"line":72,"column":8},"end":{"line":72,"column":8}}]},"6":{"line":86,"type":"if","locations":[{"start":{"line":86,"column":6},"end":{"line":86,"column":6}},{"start":{"line":86,"column":6},"end":{"line":86,"column":6}}]},"7":{"line":93,"type":"if","locations":[{"start":{"line":93,"column":8},"end":{"line":93,"column":8}},{"start":{"line":93,"column":8},"end":{"line":93,"column":8}}]},"8":{"line":98,"type":"if","locations":[{"start":{"line":98,"column":10},"end":{"line":98,"column":10}},{"start":{"line":98,"column":10},"end":{"line":98,"column":10}}]},"9":{"line":103,"type":"if","locations":[{"start":{"line":103,"column":8},"end":{"line":103,"column":8}},{"start":{"line":103,"column":8},"end":{"line":103,"column":8}}]},"10":{"line":118,"type":"if","locations":[{"start":{"line":118,"column":8},"end":{"line":118,"column":8}},{"start":{"line":118,"column":8},"end":{"line":118,"column":8}}]},"11":{"line":131,"type":"if","locations":[{"start":{"line":131,"column":6},"end":{"line":131,"column":6}},{"start":{"line":131,"column":6},"end":{"line":131,"column":6}}]},"12":{"line":137,"type":"if","locations":[{"start":{"line":137,"column":8},"end":{"line":137,"column":8}},{"start":{"line":137,"column":8},"end":{"line":137,"column":8}}]},"13":{"line":142,"type":"if","locations":[{"start":{"line":142,"column":10},"end":{"line":142,"column":10}},{"start":{"line":142,"column":10},"end":{"line":142,"column":10}}]},"14":{"line":156,"type":"if","locations":[{"start":{"line":156,"column":6},"end":{"line":156,"column":6}},{"start":{"line":156,"column":6},"end":{"line":156,"column":6}}]},"15":{"line":162,"type":"if","locations":[{"start":{"line":162,"column":8},"end":{"line":162,"column":8}},{"start":{"line":162,"column":8},"end":{"line":162,"column":8}}]},"16":{"line":167,"type":"if","locations":[{"start":{"line":167,"column":10},"end":{"line":167,"column":10}},{"start":{"line":167,"column":10},"end":{"line":167,"column":10}}]}}},"/Users/randalkamradt/github/meta-app/index.js":{"path":"/Users/randalkamradt/github/meta-app/index.js","s":{"1":1,"2":1,"3":1,"4":1,"5":1,"6":1,"7":5,"8":1,"9":2,"10":1,"11":1,"12":1},"b":{},"f":{"1":5,"2":1,"3":2,"4":1,"5":1,"6":1},"fnMap":{"1":{"name":"(anonymous_1)","line":25,"loc":{"start":{"line":25,"column":17},"end":{"line":25,"column":32}}},"2":{"name":"(anonymous_2)","line":34,"loc":{"start":{"line":34,"column":23},"end":{"line":34,"column":53}}},"3":{"name":"(anonymous_3)","line":42,"loc":{"start":{"line":42,"column":25},"end":{"line":42,"column":45}}},"4":{"name":"(anonymous_4)","line":52,"loc":{"start":{"line":52,"column":24},"end":{"line":52,"column":65}}},"5":{"name":"(anonymous_5)","line":59,"loc":{"start":{"line":59,"column":21},"end":{"line":59,"column":32}}},"6":{"name":"(anonymous_6)","line":67,"loc":{"start":{"line":67,"column":19},"end":{"line":67,"column":40}}}},"statementMap":{"1":{"start":{"line":8,"column":0},"end":{"line":8,"column":52}},"2":{"start":{"line":9,"column":0},"end":{"line":9,"column":53}},"3":{"start":{"line":10,"column":0},"end":{"line":10,"column":54}},"4":{"start":{"line":11,"column":0},"end":{"line":11,"column":55}},"5":{"start":{"line":12,"column":0},"end":{"line":12,"column":48}},"6":{"start":{"line":25,"column":0},"end":{"line":71,"column":2}},"7":{"start":{"line":26,"column":2},"end":{"line":70,"column":4}},"8":{"start":{"line":35,"column":8},"end":{"line":35,"column":69}},"9":{"start":{"line":43,"column":8},"end":{"line":43,"column":61}},"10":{"start":{"line":53,"column":8},"end":{"line":53,"column":81}},"11":{"start":{"line":60,"column":6},"end":{"line":60,"column":26}},"12":{"start":{"line":68,"column":6},"end":{"line":68,"column":41}}},"branchMap":{}},"/Users/randalkamradt/github/meta-app/meta-data/mem-storage.js":{"path":"/Users/randalkamradt/github/meta-app/meta-data/mem-storage.js","s":{"1":1,"2":10,"3":30,"4":30,"5":114,"6":30,"7":5,"8":10,"9":5,"10":3,"11":3,"12":3,"13":2,"14":0,"15":0,"16":2,"17":2,"18":2,"19":2,"20":2,"21":2,"22":2,"23":0,"24":2,"25":2,"26":4,"27":4,"28":7,"29":4,"30":9,"31":0,"32":0,"33":9,"34":9,"35":8,"36":8,"37":8,"38":9,"39":3,"40":0,"41":0,"42":3,"43":3,"44":4,"45":2,"46":2,"47":3},"b":{"1":[0,2],"2":[2,0],"3":[0,2],"4":[0,9],"5":[8,0],"6":[0,3],"7":[2,2]},"f":{"1":10,"2":30,"3":5,"4":3,"5":2,"6":4,"7":9,"8":3},"fnMap":{"1":{"name":"(anonymous_1)","line":13,"loc":{"start":{"line":13,"column":17},"end":{"line":13,"column":33}}},"2":{"name":"(anonymous_2)","line":18,"loc":{"start":{"line":18,"column":14},"end":{"line":18,"column":28}}},"3":{"name":"(anonymous_3)","line":30,"loc":{"start":{"line":30,"column":12},"end":{"line":30,"column":33}}},"4":{"name":"(anonymous_4)","line":41,"loc":{"start":{"line":41,"column":11},"end":{"line":41,"column":32}}},"5":{"name":"(anonymous_5)","line":51,"loc":{"start":{"line":51,"column":14},"end":{"line":51,"column":35}}},"6":{"name":"(anonymous_6)","line":75,"loc":{"start":{"line":75,"column":15},"end":{"line":75,"column":30}}},"7":{"name":"(anonymous_7)","line":87,"loc":{"start":{"line":87,"column":12},"end":{"line":87,"column":32}}},"8":{"name":"(anonymous_8)","line":106,"loc":{"start":{"line":106,"column":14},"end":{"line":106,"column":34}}}},"statementMap":{"1":{"start":{"line":13,"column":0},"end":{"line":121,"column":2}},"2":{"start":{"line":14,"column":2},"end":{"line":120,"column":4}},"3":{"start":{"line":19,"column":6},"end":{"line":19,"column":19}},"4":{"start":{"line":20,"column":6},"end":{"line":22,"column":7}},"5":{"start":{"line":21,"column":8},"end":{"line":21,"column":38}},"6":{"start":{"line":23,"column":6},"end":{"line":23,"column":17}},"7":{"start":{"line":31,"column":6},"end":{"line":33,"column":7}},"8":{"start":{"line":32,"column":8},"end":{"line":32,"column":46}},"9":{"start":{"line":34,"column":6},"end":{"line":34,"column":13}},"10":{"start":{"line":42,"column":6},"end":{"line":42,"column":41}},"11":{"start":{"line":43,"column":6},"end":{"line":43,"column":34}},"12":{"start":{"line":44,"column":6},"end":{"line":44,"column":22}},"13":{"start":{"line":52,"column":6},"end":{"line":55,"column":7}},"14":{"start":{"line":53,"column":8},"end":{"line":53,"column":42}},"15":{"start":{"line":54,"column":8},"end":{"line":54,"column":15}},"16":{"start":{"line":56,"column":6},"end":{"line":56,"column":42}},"17":{"start":{"line":57,"column":6},"end":{"line":57,"column":18}},"18":{"start":{"line":58,"column":6},"end":{"line":63,"column":7}},"19":{"start":{"line":59,"column":8},"end":{"line":62,"column":9}},"20":{"start":{"line":60,"column":10},"end":{"line":60,"column":17}},"21":{"start":{"line":61,"column":10},"end":{"line":61,"column":16}},"22":{"start":{"line":64,"column":6},"end":{"line":68,"column":7}},"23":{"start":{"line":65,"column":8},"end":{"line":65,"column":43}},"24":{"start":{"line":67,"column":8},"end":{"line":67,"column":43}},"25":{"start":{"line":69,"column":6},"end":{"line":69,"column":17}},"26":{"start":{"line":76,"column":6},"end":{"line":76,"column":38}},"27":{"start":{"line":77,"column":6},"end":{"line":79,"column":7}},"28":{"start":{"line":78,"column":8},"end":{"line":78,"column":37}},"29":{"start":{"line":80,"column":6},"end":{"line":80,"column":22}},"30":{"start":{"line":88,"column":6},"end":{"line":91,"column":7}},"31":{"start":{"line":89,"column":8},"end":{"line":89,"column":42}},"32":{"start":{"line":90,"column":8},"end":{"line":90,"column":15}},"33":{"start":{"line":92,"column":6},"end":{"line":92,"column":21}},"34":{"start":{"line":93,"column":6},"end":{"line":98,"column":7}},"35":{"start":{"line":94,"column":8},"end":{"line":97,"column":9}},"36":{"start":{"line":95,"column":10},"end":{"line":95,"column":43}},"37":{"start":{"line":96,"column":10},"end":{"line":96,"column":16}},"38":{"start":{"line":99,"column":6},"end":{"line":99,"column":22}},"39":{"start":{"line":107,"column":6},"end":{"line":110,"column":7}},"40":{"start":{"line":108,"column":8},"end":{"line":108,"column":42}},"41":{"start":{"line":109,"column":8},"end":{"line":109,"column":15}},"42":{"start":{"line":111,"column":6},"end":{"line":111,"column":21}},"43":{"start":{"line":112,"column":6},"end":{"line":117,"column":7}},"44":{"start":{"line":113,"column":8},"end":{"line":116,"column":9}},"45":{"start":{"line":114,"column":10},"end":{"line":114,"column":43}},"46":{"start":{"line":115,"column":10},"end":{"line":115,"column":16}},"47":{"start":{"line":118,"column":6},"end":{"line":118,"column":22}}},"branchMap":{"1":{"line":52,"type":"if","locations":[{"start":{"line":52,"column":6},"end":{"line":52,"column":6}},{"start":{"line":52,"column":6},"end":{"line":52,"column":6}}]},"2":{"line":59,"type":"if","locations":[{"start":{"line":59,"column":8},"end":{"line":59,"column":8}},{"start":{"line":59,"column":8},"end":{"line":59,"column":8}}]},"3":{"line":64,"type":"if","locations":[{"start":{"line":64,"column":6},"end":{"line":64,"column":6}},{"start":{"line":64,"column":6},"end":{"line":64,"column":6}}]},"4":{"line":88,"type":"if","locations":[{"start":{"line":88,"column":6},"end":{"line":88,"column":6}},{"start":{"line":88,"column":6},"end":{"line":88,"column":6}}]},"5":{"line":94,"type":"if","locations":[{"start":{"line":94,"column":8},"end":{"line":94,"column":8}},{"start":{"line":94,"column":8},"end":{"line":94,"column":8}}]},"6":{"line":107,"type":"if","locations":[{"start":{"line":107,"column":6},"end":{"line":107,"column":6}},{"start":{"line":107,"column":6},"end":{"line":107,"column":6}}]},"7":{"line":113,"type":"if","locations":[{"start":{"line":113,"column":8},"end":{"line":113,"column":8}},{"start":{"line":113,"column":8},"end":{"line":113,"column":8}}]}}},"/Users/randalkamradt/github/meta-app/meta-data/mongo-storage.js":{"path":"/Users/randalkamradt/github/meta-app/meta-data/mongo-storage.js","s":{"1":1,"2":1,"3":1,"4":8,"5":18,"6":18,"7":18,"8":0,"9":0,"10":18,"11":18,"12":18,"13":5,"14":5,"15":5,"16":0,"17":5,"18":5,"19":5,"20":0,"21":5,"22":2,"23":2,"24":2,"25":0,"26":2,"27":2,"28":2,"29":2,"30":2,"31":0,"32":2,"33":4,"34":4,"35":4,"36":0,"37":4,"38":4,"39":4,"40":0,"41":4,"42":4,"43":0,"44":0,"45":4,"46":4,"47":4,"48":0,"49":4,"50":4,"51":4,"52":4,"53":4,"54":4,"55":4,"56":4,"57":4,"58":1,"59":0,"60":0,"61":1,"62":1,"63":1,"64":1,"65":0,"66":1,"67":1,"68":1,"69":1,"70":0,"71":1,"72":1,"73":1,"74":2,"75":0,"76":0,"77":2,"78":2,"79":2,"80":0,"81":2,"82":2,"83":2,"84":2,"85":2,"86":1,"87":2,"88":2,"89":2},"b":{"1":[0,18],"2":[0,5],"3":[0,5],"4":[0,2],"5":[0,2],"6":[0,4],"7":[0,4],"8":[0,4],"9":[0,4],"10":[4,0],"11":[4,4],"12":[0,1],"13":[0,1],"14":[0,1],"15":[0,2],"16":[0,2],"17":[1,1],"18":[2,2]},"f":{"1":8,"2":18,"3":18,"4":5,"5":5,"6":5,"7":2,"8":2,"9":2,"10":4,"11":4,"12":4,"13":4,"14":4,"15":4,"16":1,"17":1,"18":1,"19":1,"20":2,"21":2,"22":2,"23":2},"fnMap":{"1":{"name":"(anonymous_1)","line":18,"loc":{"start":{"line":18,"column":17},"end":{"line":18,"column":54}}},"2":{"name":"(anonymous_2)","line":26,"loc":{"start":{"line":26,"column":22},"end":{"line":26,"column":37}}},"3":{"name":"(anonymous_3)","line":28,"loc":{"start":{"line":28,"column":37},"end":{"line":28,"column":55}}},"4":{"name":"(anonymous_4)","line":43,"loc":{"start":{"line":43,"column":12},"end":{"line":43,"column":30}}},"5":{"name":"(anonymous_5)","line":45,"loc":{"start":{"line":45,"column":26},"end":{"line":45,"column":40}}},"6":{"name":"(anonymous_6)","line":49,"loc":{"start":{"line":49,"column":35},"end":{"line":49,"column":57}}},"7":{"name":"(anonymous_7)","line":64,"loc":{"start":{"line":64,"column":11},"end":{"line":64,"column":29}}},"8":{"name":"(anonymous_8)","line":66,"loc":{"start":{"line":66,"column":26},"end":{"line":66,"column":40}}},"9":{"name":"(anonymous_9)","line":72,"loc":{"start":{"line":72,"column":36},"end":{"line":72,"column":58}}},"10":{"name":"(anonymous_10)","line":86,"loc":{"start":{"line":86,"column":15},"end":{"line":86,"column":30}}},"11":{"name":"(anonymous_11)","line":88,"loc":{"start":{"line":88,"column":26},"end":{"line":88,"column":40}}},"12":{"name":"(anonymous_12)","line":92,"loc":{"start":{"line":92,"column":42},"end":{"line":92,"column":62}}},"13":{"name":"(anonymous_13)","line":107,"loc":{"start":{"line":107,"column":12},"end":{"line":107,"column":32}}},"14":{"name":"(anonymous_14)","line":113,"loc":{"start":{"line":113,"column":26},"end":{"line":113,"column":40}}},"15":{"name":"(anonymous_15)","line":119,"loc":{"start":{"line":119,"column":44},"end":{"line":119,"column":64}}},"16":{"name":"(anonymous_16)","line":135,"loc":{"start":{"line":135,"column":14},"end":{"line":135,"column":35}}},"17":{"name":"(anonymous_17)","line":142,"loc":{"start":{"line":142,"column":26},"end":{"line":142,"column":40}}},"18":{"name":"(anonymous_18)","line":148,"loc":{"start":{"line":148,"column":44},"end":{"line":148,"column":64}}},"19":{"name":"(anonymous_19)","line":152,"loc":{"start":{"line":152,"column":38},"end":{"line":152,"column":59}}},"20":{"name":"(anonymous_20)","line":164,"loc":{"start":{"line":164,"column":14},"end":{"line":164,"column":34}}},"21":{"name":"(anonymous_21)","line":170,"loc":{"start":{"line":170,"column":26},"end":{"line":170,"column":40}}},"22":{"name":"(anonymous_22)","line":176,"loc":{"start":{"line":176,"column":44},"end":{"line":176,"column":64}}},"23":{"name":"(anonymous_23)","line":181,"loc":{"start":{"line":181,"column":40},"end":{"line":181,"column":62}}}},"statementMap":{"1":{"start":{"line":8,"column":0},"end":{"line":8,"column":23}},"2":{"start":{"line":9,"column":0},"end":{"line":9,"column":49}},"3":{"start":{"line":18,"column":0},"end":{"line":189,"column":2}},"4":{"start":{"line":19,"column":2},"end":{"line":188,"column":4}},"5":{"start":{"line":27,"column":6},"end":{"line":27,"column":22}},"6":{"start":{"line":28,"column":6},"end":{"line":36,"column":9}},"7":{"start":{"line":29,"column":8},"end":{"line":32,"column":9}},"8":{"start":{"line":30,"column":10},"end":{"line":30,"column":20}},"9":{"start":{"line":31,"column":10},"end":{"line":31,"column":17}},"10":{"start":{"line":33,"column":8},"end":{"line":33,"column":22}},"11":{"start":{"line":34,"column":8},"end":{"line":34,"column":63}},"12":{"start":{"line":35,"column":8},"end":{"line":35,"column":15}},"13":{"start":{"line":44,"column":6},"end":{"line":44,"column":22}},"14":{"start":{"line":45,"column":6},"end":{"line":57,"column":9}},"15":{"start":{"line":46,"column":8},"end":{"line":48,"column":9}},"16":{"start":{"line":47,"column":10},"end":{"line":47,"column":20}},"17":{"start":{"line":49,"column":8},"end":{"line":56,"column":11}},"18":{"start":{"line":50,"column":10},"end":{"line":50,"column":27}},"19":{"start":{"line":51,"column":10},"end":{"line":55,"column":11}},"20":{"start":{"line":52,"column":12},"end":{"line":52,"column":22}},"21":{"start":{"line":54,"column":12},"end":{"line":54,"column":38}},"22":{"start":{"line":65,"column":6},"end":{"line":65,"column":22}},"23":{"start":{"line":66,"column":6},"end":{"line":80,"column":9}},"24":{"start":{"line":67,"column":8},"end":{"line":69,"column":9}},"25":{"start":{"line":68,"column":10},"end":{"line":68,"column":20}},"26":{"start":{"line":70,"column":8},"end":{"line":70,"column":20}},"27":{"start":{"line":71,"column":8},"end":{"line":71,"column":19}},"28":{"start":{"line":72,"column":8},"end":{"line":79,"column":11}},"29":{"start":{"line":73,"column":10},"end":{"line":73,"column":27}},"30":{"start":{"line":74,"column":10},"end":{"line":78,"column":11}},"31":{"start":{"line":75,"column":12},"end":{"line":75,"column":22}},"32":{"start":{"line":77,"column":12},"end":{"line":77,"column":38}},"33":{"start":{"line":87,"column":6},"end":{"line":87,"column":22}},"34":{"start":{"line":88,"column":6},"end":{"line":100,"column":9}},"35":{"start":{"line":89,"column":8},"end":{"line":91,"column":9}},"36":{"start":{"line":90,"column":10},"end":{"line":90,"column":20}},"37":{"start":{"line":92,"column":8},"end":{"line":99,"column":11}},"38":{"start":{"line":93,"column":10},"end":{"line":93,"column":27}},"39":{"start":{"line":94,"column":10},"end":{"line":98,"column":11}},"40":{"start":{"line":95,"column":12},"end":{"line":95,"column":22}},"41":{"start":{"line":97,"column":12},"end":{"line":97,"column":29}},"42":{"start":{"line":108,"column":6},"end":{"line":111,"column":7}},"43":{"start":{"line":109,"column":8},"end":{"line":109,"column":42}},"44":{"start":{"line":110,"column":8},"end":{"line":110,"column":15}},"45":{"start":{"line":112,"column":6},"end":{"line":112,"column":22}},"46":{"start":{"line":113,"column":6},"end":{"line":128,"column":9}},"47":{"start":{"line":114,"column":8},"end":{"line":116,"column":9}},"48":{"start":{"line":115,"column":10},"end":{"line":115,"column":20}},"49":{"start":{"line":117,"column":8},"end":{"line":117,"column":22}},"50":{"start":{"line":118,"column":8},"end":{"line":118,"column":40}},"51":{"start":{"line":119,"column":8},"end":{"line":127,"column":11}},"52":{"start":{"line":120,"column":10},"end":{"line":120,"column":27}},"53":{"start":{"line":121,"column":10},"end":{"line":121,"column":18}},"54":{"start":{"line":122,"column":10},"end":{"line":124,"column":11}},"55":{"start":{"line":123,"column":12},"end":{"line":123,"column":26}},"56":{"start":{"line":125,"column":10},"end":{"line":125,"column":27}},"57":{"start":{"line":126,"column":10},"end":{"line":126,"column":25}},"58":{"start":{"line":136,"column":6},"end":{"line":139,"column":7}},"59":{"start":{"line":137,"column":8},"end":{"line":137,"column":42}},"60":{"start":{"line":138,"column":8},"end":{"line":138,"column":15}},"61":{"start":{"line":140,"column":6},"end":{"line":140,"column":32}},"62":{"start":{"line":141,"column":6},"end":{"line":141,"column":22}},"63":{"start":{"line":142,"column":6},"end":{"line":157,"column":9}},"64":{"start":{"line":143,"column":8},"end":{"line":145,"column":9}},"65":{"start":{"line":144,"column":10},"end":{"line":144,"column":20}},"66":{"start":{"line":146,"column":8},"end":{"line":146,"column":22}},"67":{"start":{"line":147,"column":8},"end":{"line":147,"column":40}},"68":{"start":{"line":148,"column":8},"end":{"line":156,"column":11}},"69":{"start":{"line":149,"column":10},"end":{"line":151,"column":11}},"70":{"start":{"line":150,"column":12},"end":{"line":150,"column":35}},"71":{"start":{"line":152,"column":10},"end":{"line":155,"column":13}},"72":{"start":{"line":153,"column":12},"end":{"line":153,"column":29}},"73":{"start":{"line":154,"column":12},"end":{"line":154,"column":22}},"74":{"start":{"line":165,"column":6},"end":{"line":168,"column":7}},"75":{"start":{"line":166,"column":8},"end":{"line":166,"column":42}},"76":{"start":{"line":167,"column":8},"end":{"line":167,"column":15}},"77":{"start":{"line":169,"column":6},"end":{"line":169,"column":22}},"78":{"start":{"line":170,"column":6},"end":{"line":186,"column":9}},"79":{"start":{"line":171,"column":8},"end":{"line":173,"column":9}},"80":{"start":{"line":172,"column":10},"end":{"line":172,"column":20}},"81":{"start":{"line":174,"column":8},"end":{"line":174,"column":22}},"82":{"start":{"line":175,"column":8},"end":{"line":175,"column":40}},"83":{"start":{"line":176,"column":8},"end":{"line":185,"column":11}},"84":{"start":{"line":177,"column":10},"end":{"line":177,"column":18}},"85":{"start":{"line":178,"column":10},"end":{"line":180,"column":11}},"86":{"start":{"line":179,"column":12},"end":{"line":179,"column":26}},"87":{"start":{"line":181,"column":10},"end":{"line":184,"column":13}},"88":{"start":{"line":182,"column":12},"end":{"line":182,"column":29}},"89":{"start":{"line":183,"column":12},"end":{"line":183,"column":27}}},"branchMap":{"1":{"line":29,"type":"if","locations":[{"start":{"line":29,"column":8},"end":{"line":29,"column":8}},{"start":{"line":29,"column":8},"end":{"line":29,"column":8}}]},"2":{"line":46,"type":"if","locations":[{"start":{"line":46,"column":8},"end":{"line":46,"column":8}},{"start":{"line":46,"column":8},"end":{"line":46,"column":8}}]},"3":{"line":51,"type":"if","locations":[{"start":{"line":51,"column":10},"end":{"line":51,"column":10}},{"start":{"line":51,"column":10},"end":{"line":51,"column":10}}]},"4":{"line":67,"type":"if","locations":[{"start":{"line":67,"column":8},"end":{"line":67,"column":8}},{"start":{"line":67,"column":8},"end":{"line":67,"column":8}}]},"5":{"line":74,"type":"if","locations":[{"start":{"line":74,"column":10},"end":{"line":74,"column":10}},{"start":{"line":74,"column":10},"end":{"line":74,"column":10}}]},"6":{"line":89,"type":"if","locations":[{"start":{"line":89,"column":8},"end":{"line":89,"column":8}},{"start":{"line":89,"column":8},"end":{"line":89,"column":8}}]},"7":{"line":94,"type":"if","locations":[{"start":{"line":94,"column":10},"end":{"line":94,"column":10}},{"start":{"line":94,"column":10},"end":{"line":94,"column":10}}]},"8":{"line":108,"type":"if","locations":[{"start":{"line":108,"column":6},"end":{"line":108,"column":6}},{"start":{"line":108,"column":6},"end":{"line":108,"column":6}}]},"9":{"line":114,"type":"if","locations":[{"start":{"line":114,"column":8},"end":{"line":114,"column":8}},{"start":{"line":114,"column":8},"end":{"line":114,"column":8}}]},"10":{"line":122,"type":"if","locations":[{"start":{"line":122,"column":10},"end":{"line":122,"column":10}},{"start":{"line":122,"column":10},"end":{"line":122,"column":10}}]},"11":{"line":122,"type":"binary-expr","locations":[{"start":{"line":122,"column":13},"end":{"line":122,"column":17}},{"start":{"line":122,"column":21},"end":{"line":122,"column":38}}]},"12":{"line":136,"type":"if","locations":[{"start":{"line":136,"column":6},"end":{"line":136,"column":6}},{"start":{"line":136,"column":6},"end":{"line":136,"column":6}}]},"13":{"line":143,"type":"if","locations":[{"start":{"line":143,"column":8},"end":{"line":143,"column":8}},{"start":{"line":143,"column":8},"end":{"line":143,"column":8}}]},"14":{"line":149,"type":"if","locations":[{"start":{"line":149,"column":10},"end":{"line":149,"column":10}},{"start":{"line":149,"column":10},"end":{"line":149,"column":10}}]},"15":{"line":165,"type":"if","locations":[{"start":{"line":165,"column":6},"end":{"line":165,"column":6}},{"start":{"line":165,"column":6},"end":{"line":165,"column":6}}]},"16":{"line":171,"type":"if","locations":[{"start":{"line":171,"column":8},"end":{"line":171,"column":8}},{"start":{"line":171,"column":8},"end":{"line":171,"column":8}}]},"17":{"line":178,"type":"if","locations":[{"start":{"line":178,"column":10},"end":{"line":178,"column":10}},{"start":{"line":178,"column":10},"end":{"line":178,"column":10}}]},"18":{"line":178,"type":"binary-expr","locations":[{"start":{"line":178,"column":13},"end":{"line":178,"column":17}},{"start":{"line":178,"column":21},"end":{"line":178,"column":38}}]}}},"/Users/randalkamradt/github/meta-app/meta-data/meta-rest.js":{"path":"/Users/randalkamradt/github/meta-app/meta-data/meta-rest.js","s":{"1":1,"2":4,"3":4,"4":2,"5":2,"6":0,"7":0,"8":0,"9":0,"10":0,"11":2,"12":4,"13":4,"14":0,"15":4,"16":1,"17":3,"18":4,"19":2,"20":1,"21":1,"22":1,"23":0,"24":0,"25":0,"26":1,"27":1,"28":0,"29":0,"30":1,"31":0,"32":0,"33":1,"34":1,"35":0,"36":1,"37":1,"38":2,"39":2,"40":2,"41":2,"42":1,"43":1,"44":1,"45":1,"46":1,"47":0,"48":1,"49":1,"50":2,"51":1,"52":1,"53":0,"54":1,"55":1,"56":1,"57":2,"58":4,"59":4,"60":2,"61":1,"62":1,"63":2,"64":1,"65":1,"66":1,"67":1,"68":1,"69":1,"70":1,"71":0,"72":1,"73":1},"b":{"1":[2,2],"2":[0,0],"3":[0,4],"4":[1,3],"5":[0,1],"6":[0,1],"7":[0,1],"8":[0,1],"9":[1,1],"10":[0,1],"11":[0,1],"12":[1,0],"13":[0,1]},"f":{"1":4,"2":0,"3":0,"4":4,"5":4,"6":1,"7":1,"8":1,"9":2,"10":1,"11":1,"12":1,"13":2,"14":1,"15":1},"fnMap":{"1":{"name":"(anonymous_1)","line":16,"loc":{"start":{"line":16,"column":19},"end":{"line":16,"column":47}}},"2":{"name":"(anonymous_2)","line":21,"loc":{"start":{"line":21,"column":33},"end":{"line":21,"column":52}}},"3":{"name":"(anonymous_3)","line":22,"loc":{"start":{"line":22,"column":18},"end":{"line":22,"column":40}}},"4":{"name":"(anonymous_4)","line":31,"loc":{"start":{"line":31,"column":42},"end":{"line":31,"column":61}}},"5":{"name":"(anonymous_5)","line":32,"loc":{"start":{"line":32,"column":30},"end":{"line":32,"column":52}}},"6":{"name":"(anonymous_6)","line":45,"loc":{"start":{"line":45,"column":42},"end":{"line":45,"column":61}}},"7":{"name":"(anonymous_7)","line":53,"loc":{"start":{"line":53,"column":30},"end":{"line":53,"column":52}}},"8":{"name":"(anonymous_8)","line":62,"loc":{"start":{"line":62,"column":29},"end":{"line":62,"column":51}}},"9":{"name":"(anonymous_9)","line":74,"loc":{"start":{"line":74,"column":43},"end":{"line":74,"column":62}}},"10":{"name":"(anonymous_10)","line":82,"loc":{"start":{"line":82,"column":19},"end":{"line":82,"column":41}}},"11":{"name":"(anonymous_11)","line":91,"loc":{"start":{"line":91,"column":45},"end":{"line":91,"column":64}}},"12":{"name":"(anonymous_12)","line":92,"loc":{"start":{"line":92,"column":32},"end":{"line":92,"column":54}}},"13":{"name":"(anonymous_13)","line":121,"loc":{"start":{"line":121,"column":17},"end":{"line":121,"column":46}}},"14":{"name":"(anonymous_14)","line":126,"loc":{"start":{"line":126,"column":23},"end":{"line":126,"column":42}}},"15":{"name":"(anonymous_15)","line":130,"loc":{"start":{"line":130,"column":27},"end":{"line":130,"column":46}}}},"statementMap":{"1":{"start":{"line":16,"column":0},"end":{"line":101,"column":2}},"2":{"start":{"line":17,"column":2},"end":{"line":17,"column":27}},"3":{"start":{"line":18,"column":2},"end":{"line":20,"column":3}},"4":{"start":{"line":19,"column":4},"end":{"line":19,"column":11}},"5":{"start":{"line":21,"column":2},"end":{"line":30,"column":5}},"6":{"start":{"line":22,"column":4},"end":{"line":29,"column":7}},"7":{"start":{"line":23,"column":6},"end":{"line":27,"column":7}},"8":{"start":{"line":24,"column":8},"end":{"line":24,"column":34}},"9":{"start":{"line":26,"column":8},"end":{"line":26,"column":66}},"10":{"start":{"line":28,"column":6},"end":{"line":28,"column":16}},"11":{"start":{"line":31,"column":2},"end":{"line":44,"column":5}},"12":{"start":{"line":32,"column":4},"end":{"line":43,"column":7}},"13":{"start":{"line":33,"column":6},"end":{"line":41,"column":7}},"14":{"start":{"line":34,"column":8},"end":{"line":34,"column":34}},"15":{"start":{"line":36,"column":8},"end":{"line":40,"column":9}},"16":{"start":{"line":37,"column":10},"end":{"line":37,"column":26}},"17":{"start":{"line":39,"column":10},"end":{"line":39,"column":68}},"18":{"start":{"line":42,"column":6},"end":{"line":42,"column":16}},"19":{"start":{"line":45,"column":2},"end":{"line":73,"column":5}},"20":{"start":{"line":46,"column":4},"end":{"line":46,"column":24}},"21":{"start":{"line":47,"column":4},"end":{"line":47,"column":40}},"22":{"start":{"line":48,"column":4},"end":{"line":52,"column":5}},"23":{"start":{"line":49,"column":6},"end":{"line":49,"column":38}},"24":{"start":{"line":50,"column":6},"end":{"line":50,"column":16}},"25":{"start":{"line":51,"column":6},"end":{"line":51,"column":13}},"26":{"start":{"line":53,"column":4},"end":{"line":72,"column":7}},"27":{"start":{"line":54,"column":6},"end":{"line":71,"column":7}},"28":{"start":{"line":55,"column":8},"end":{"line":55,"column":34}},"29":{"start":{"line":56,"column":8},"end":{"line":56,"column":18}},"30":{"start":{"line":58,"column":8},"end":{"line":70,"column":9}},"31":{"start":{"line":59,"column":10},"end":{"line":59,"column":26}},"32":{"start":{"line":60,"column":10},"end":{"line":60,"column":20}},"33":{"start":{"line":62,"column":10},"end":{"line":69,"column":13}},"34":{"start":{"line":63,"column":12},"end":{"line":67,"column":13}},"35":{"start":{"line":64,"column":14},"end":{"line":64,"column":40}},"36":{"start":{"line":66,"column":14},"end":{"line":66,"column":30}},"37":{"start":{"line":68,"column":12},"end":{"line":68,"column":22}},"38":{"start":{"line":74,"column":2},"end":{"line":90,"column":5}},"39":{"start":{"line":75,"column":4},"end":{"line":75,"column":24}},"40":{"start":{"line":76,"column":4},"end":{"line":76,"column":40}},"41":{"start":{"line":77,"column":4},"end":{"line":81,"column":5}},"42":{"start":{"line":78,"column":6},"end":{"line":78,"column":38}},"43":{"start":{"line":79,"column":6},"end":{"line":79,"column":16}},"44":{"start":{"line":80,"column":6},"end":{"line":80,"column":13}},"45":{"start":{"line":82,"column":4},"end":{"line":89,"column":7}},"46":{"start":{"line":83,"column":6},"end":{"line":87,"column":7}},"47":{"start":{"line":84,"column":8},"end":{"line":84,"column":34}},"48":{"start":{"line":86,"column":8},"end":{"line":86,"column":24}},"49":{"start":{"line":88,"column":6},"end":{"line":88,"column":16}},"50":{"start":{"line":91,"column":2},"end":{"line":100,"column":5}},"51":{"start":{"line":92,"column":4},"end":{"line":99,"column":7}},"52":{"start":{"line":93,"column":6},"end":{"line":97,"column":7}},"53":{"start":{"line":94,"column":8},"end":{"line":94,"column":34}},"54":{"start":{"line":96,"column":8},"end":{"line":96,"column":24}},"55":{"start":{"line":98,"column":6},"end":{"line":98,"column":16}},"56":{"start":{"line":121,"column":0},"end":{"line":146,"column":2}},"57":{"start":{"line":122,"column":2},"end":{"line":125,"column":3}},"58":{"start":{"line":123,"column":4},"end":{"line":123,"column":43}},"59":{"start":{"line":124,"column":4},"end":{"line":124,"column":36}},"60":{"start":{"line":126,"column":2},"end":{"line":129,"column":5}},"61":{"start":{"line":127,"column":4},"end":{"line":127,"column":68}},"62":{"start":{"line":128,"column":4},"end":{"line":128,"column":14}},"63":{"start":{"line":130,"column":2},"end":{"line":145,"column":5}},"64":{"start":{"line":131,"column":4},"end":{"line":131,"column":14}},"65":{"start":{"line":132,"column":4},"end":{"line":138,"column":5}},"66":{"start":{"line":133,"column":6},"end":{"line":133,"column":41}},"67":{"start":{"line":134,"column":6},"end":{"line":137,"column":7}},"68":{"start":{"line":135,"column":8},"end":{"line":135,"column":18}},"69":{"start":{"line":136,"column":8},"end":{"line":136,"column":14}},"70":{"start":{"line":139,"column":4},"end":{"line":143,"column":5}},"71":{"start":{"line":140,"column":6},"end":{"line":140,"column":35}},"72":{"start":{"line":142,"column":6},"end":{"line":142,"column":69}},"73":{"start":{"line":144,"column":4},"end":{"line":144,"column":14}}},"branchMap":{"1":{"line":18,"type":"if","locations":[{"start":{"line":18,"column":2},"end":{"line":18,"column":2}},{"start":{"line":18,"column":2},"end":{"line":18,"column":2}}]},"2":{"line":23,"type":"if","locations":[{"start":{"line":23,"column":6},"end":{"line":23,"column":6}},{"start":{"line":23,"column":6},"end":{"line":23,"column":6}}]},"3":{"line":33,"type":"if","locations":[{"start":{"line":33,"column":6},"end":{"line":33,"column":6}},{"start":{"line":33,"column":6},"end":{"line":33,"column":6}}]},"4":{"line":36,"type":"if","locations":[{"start":{"line":36,"column":8},"end":{"line":36,"column":8}},{"start":{"line":36,"column":8},"end":{"line":36,"column":8}}]},"5":{"line":48,"type":"if","locations":[{"start":{"line":48,"column":4},"end":{"line":48,"column":4}},{"start":{"line":48,"column":4},"end":{"line":48,"column":4}}]},"6":{"line":54,"type":"if","locations":[{"start":{"line":54,"column":6},"end":{"line":54,"column":6}},{"start":{"line":54,"column":6},"end":{"line":54,"column":6}}]},"7":{"line":58,"type":"if","locations":[{"start":{"line":58,"column":8},"end":{"line":58,"column":8}},{"start":{"line":58,"column":8},"end":{"line":58,"column":8}}]},"8":{"line":63,"type":"if","locations":[{"start":{"line":63,"column":12},"end":{"line":63,"column":12}},{"start":{"line":63,"column":12},"end":{"line":63,"column":12}}]},"9":{"line":77,"type":"if","locations":[{"start":{"line":77,"column":4},"end":{"line":77,"column":4}},{"start":{"line":77,"column":4},"end":{"line":77,"column":4}}]},"10":{"line":83,"type":"if","locations":[{"start":{"line":83,"column":6},"end":{"line":83,"column":6}},{"start":{"line":83,"column":6},"end":{"line":83,"column":6}}]},"11":{"line":93,"type":"if","locations":[{"start":{"line":93,"column":6},"end":{"line":93,"column":6}},{"start":{"line":93,"column":6},"end":{"line":93,"column":6}}]},"12":{"line":134,"type":"if","locations":[{"start":{"line":134,"column":6},"end":{"line":134,"column":6}},{"start":{"line":134,"column":6},"end":{"line":134,"column":6}}]},"13":{"line":139,"type":"if","locations":[{"start":{"line":139,"column":4},"end":{"line":139,"column":4}},{"start":{"line":139,"column":4},"end":{"line":139,"column":4}}]}}}}