{"/Users/randalkamradt/github/meta-app/meta-data/file-storage.js":{"path":"/Users/randalkamradt/github/meta-app/meta-data/file-storage.js","s":{"1":1,"2":1,"3":7,"4":14,"5":14,"6":14,"7":6,"8":6,"9":8,"10":8,"11":0,"12":8,"13":8,"14":14,"15":14,"16":14,"17":0,"18":14,"19":5,"20":5,"21":5,"22":0,"23":5,"24":5,"25":1,"26":1,"27":1,"28":0,"29":1,"30":1,"31":1,"32":4,"33":4,"34":4,"35":0,"36":4,"37":4,"38":2,"39":0,"40":0,"41":2,"42":2,"43":2,"44":0,"45":2,"46":2,"47":2,"48":2,"49":2,"50":2,"51":2,"52":0,"53":0,"54":2,"55":2,"56":2,"57":0,"58":2,"59":2,"60":3,"61":1,"62":1,"63":2},"b":{"1":[6,8],"2":[0,8],"3":[0,14],"4":[0,5],"5":[0,1],"6":[0,4],"7":[0,2],"8":[0,2],"9":[2,0],"10":[0,2],"11":[0,2],"12":[1,2]},"f":{"1":7,"2":14,"3":14,"4":8,"5":14,"6":14,"7":5,"8":5,"9":1,"10":1,"11":4,"12":4,"13":2,"14":2,"15":2,"16":2},"fnMap":{"1":{"name":"(anonymous_1)","line":15,"loc":{"start":{"line":15,"column":17},"end":{"line":15,"column":43}}},"2":{"name":"(anonymous_2)","line":21,"loc":{"start":{"line":21,"column":17},"end":{"line":21,"column":32}}},"3":{"name":"(anonymous_3)","line":23,"loc":{"start":{"line":23,"column":33},"end":{"line":23,"column":50}}},"4":{"name":"(anonymous_4)","line":28,"loc":{"start":{"line":28,"column":39},"end":{"line":28,"column":59}}},"5":{"name":"(anonymous_5)","line":39,"loc":{"start":{"line":39,"column":18},"end":{"line":39,"column":41}}},"6":{"name":"(anonymous_6)","line":41,"loc":{"start":{"line":41,"column":42},"end":{"line":41,"column":56}}},"7":{"name":"(anonymous_7)","line":54,"loc":{"start":{"line":54,"column":12},"end":{"line":54,"column":30}}},"8":{"name":"(anonymous_8)","line":56,"loc":{"start":{"line":56,"column":21},"end":{"line":56,"column":35}}},"9":{"name":"(anonymous_9)","line":69,"loc":{"start":{"line":69,"column":11},"end":{"line":69,"column":29}}},"10":{"name":"(anonymous_10)","line":71,"loc":{"start":{"line":71,"column":21},"end":{"line":71,"column":35}}},"11":{"name":"(anonymous_11)","line":84,"loc":{"start":{"line":84,"column":15},"end":{"line":84,"column":30}}},"12":{"name":"(anonymous_12)","line":86,"loc":{"start":{"line":86,"column":21},"end":{"line":86,"column":35}}},"13":{"name":"(anonymous_13)","line":99,"loc":{"start":{"line":99,"column":12},"end":{"line":99,"column":32}}},"14":{"name":"(anonymous_14)","line":105,"loc":{"start":{"line":105,"column":21},"end":{"line":105,"column":35}}},"15":{"name":"(anonymous_15)","line":124,"loc":{"start":{"line":124,"column":14},"end":{"line":124,"column":34}}},"16":{"name":"(anonymous_16)","line":130,"loc":{"start":{"line":130,"column":21},"end":{"line":130,"column":35}}}},"statementMap":{"1":{"start":{"line":8,"column":0},"end":{"line":8,"column":23}},"2":{"start":{"line":15,"column":0},"end":{"line":145,"column":2}},"3":{"start":{"line":16,"column":2},"end":{"line":144,"column":4}},"4":{"start":{"line":22,"column":6},"end":{"line":22,"column":22}},"5":{"start":{"line":23,"column":6},"end":{"line":37,"column":9}},"6":{"start":{"line":24,"column":8},"end":{"line":36,"column":9}},"7":{"start":{"line":25,"column":10},"end":{"line":25,"column":26}},"8":{"start":{"line":26,"column":10},"end":{"line":26,"column":17}},"9":{"start":{"line":28,"column":10},"end":{"line":35,"column":13}},"10":{"start":{"line":29,"column":12},"end":{"line":34,"column":13}},"11":{"start":{"line":30,"column":14},"end":{"line":30,"column":24}},"12":{"start":{"line":32,"column":14},"end":{"line":32,"column":44}},"13":{"start":{"line":33,"column":14},"end":{"line":33,"column":21}},"14":{"start":{"line":40,"column":6},"end":{"line":40,"column":44}},"15":{"start":{"line":41,"column":6},"end":{"line":47,"column":9}},"16":{"start":{"line":42,"column":8},"end":{"line":46,"column":9}},"17":{"start":{"line":43,"column":10},"end":{"line":43,"column":20}},"18":{"start":{"line":45,"column":10},"end":{"line":45,"column":29}},"19":{"start":{"line":55,"column":6},"end":{"line":55,"column":22}},"20":{"start":{"line":56,"column":6},"end":{"line":62,"column":9}},"21":{"start":{"line":57,"column":8},"end":{"line":59,"column":9}},"22":{"start":{"line":58,"column":10},"end":{"line":58,"column":20}},"23":{"start":{"line":60,"column":8},"end":{"line":60,"column":42}},"24":{"start":{"line":61,"column":8},"end":{"line":61,"column":30}},"25":{"start":{"line":70,"column":6},"end":{"line":70,"column":22}},"26":{"start":{"line":71,"column":6},"end":{"line":78,"column":9}},"27":{"start":{"line":72,"column":8},"end":{"line":74,"column":9}},"28":{"start":{"line":73,"column":10},"end":{"line":73,"column":20}},"29":{"start":{"line":75,"column":8},"end":{"line":75,"column":27}},"30":{"start":{"line":76,"column":8},"end":{"line":76,"column":36}},"31":{"start":{"line":77,"column":8},"end":{"line":77,"column":35}},"32":{"start":{"line":85,"column":6},"end":{"line":85,"column":22}},"33":{"start":{"line":86,"column":6},"end":{"line":92,"column":9}},"34":{"start":{"line":87,"column":8},"end":{"line":89,"column":9}},"35":{"start":{"line":88,"column":10},"end":{"line":88,"column":20}},"36":{"start":{"line":90,"column":8},"end":{"line":90,"column":40}},"37":{"start":{"line":91,"column":8},"end":{"line":91,"column":35}},"38":{"start":{"line":100,"column":6},"end":{"line":103,"column":7}},"39":{"start":{"line":101,"column":8},"end":{"line":101,"column":42}},"40":{"start":{"line":102,"column":8},"end":{"line":102,"column":15}},"41":{"start":{"line":104,"column":6},"end":{"line":104,"column":22}},"42":{"start":{"line":105,"column":6},"end":{"line":117,"column":9}},"43":{"start":{"line":106,"column":8},"end":{"line":108,"column":9}},"44":{"start":{"line":107,"column":10},"end":{"line":107,"column":20}},"45":{"start":{"line":109,"column":8},"end":{"line":109,"column":23}},"46":{"start":{"line":110,"column":8},"end":{"line":115,"column":9}},"47":{"start":{"line":111,"column":10},"end":{"line":114,"column":11}},"48":{"start":{"line":112,"column":12},"end":{"line":112,"column":32}},"49":{"start":{"line":113,"column":12},"end":{"line":113,"column":18}},"50":{"start":{"line":116,"column":8},"end":{"line":116,"column":35}},"51":{"start":{"line":125,"column":6},"end":{"line":128,"column":7}},"52":{"start":{"line":126,"column":8},"end":{"line":126,"column":42}},"53":{"start":{"line":127,"column":8},"end":{"line":127,"column":15}},"54":{"start":{"line":129,"column":6},"end":{"line":129,"column":22}},"55":{"start":{"line":130,"column":6},"end":{"line":142,"column":9}},"56":{"start":{"line":131,"column":8},"end":{"line":133,"column":9}},"57":{"start":{"line":132,"column":10},"end":{"line":132,"column":20}},"58":{"start":{"line":134,"column":8},"end":{"line":134,"column":23}},"59":{"start":{"line":135,"column":8},"end":{"line":140,"column":9}},"60":{"start":{"line":136,"column":10},"end":{"line":139,"column":11}},"61":{"start":{"line":137,"column":12},"end":{"line":137,"column":45}},"62":{"start":{"line":138,"column":12},"end":{"line":138,"column":18}},"63":{"start":{"line":141,"column":8},"end":{"line":141,"column":35}}},"branchMap":{"1":{"line":24,"type":"if","locations":[{"start":{"line":24,"column":8},"end":{"line":24,"column":8}},{"start":{"line":24,"column":8},"end":{"line":24,"column":8}}]},"2":{"line":29,"type":"if","locations":[{"start":{"line":29,"column":12},"end":{"line":29,"column":12}},{"start":{"line":29,"column":12},"end":{"line":29,"column":12}}]},"3":{"line":42,"type":"if","locations":[{"start":{"line":42,"column":8},"end":{"line":42,"column":8}},{"start":{"line":42,"column":8},"end":{"line":42,"column":8}}]},"4":{"line":57,"type":"if","locations":[{"start":{"line":57,"column":8},"end":{"line":57,"column":8}},{"start":{"line":57,"column":8},"end":{"line":57,"column":8}}]},"5":{"line":72,"type":"if","locations":[{"start":{"line":72,"column":8},"end":{"line":72,"column":8}},{"start":{"line":72,"column":8},"end":{"line":72,"column":8}}]},"6":{"line":87,"type":"if","locations":[{"start":{"line":87,"column":8},"end":{"line":87,"column":8}},{"start":{"line":87,"column":8},"end":{"line":87,"column":8}}]},"7":{"line":100,"type":"if","locations":[{"start":{"line":100,"column":6},"end":{"line":100,"column":6}},{"start":{"line":100,"column":6},"end":{"line":100,"column":6}}]},"8":{"line":106,"type":"if","locations":[{"start":{"line":106,"column":8},"end":{"line":106,"column":8}},{"start":{"line":106,"column":8},"end":{"line":106,"column":8}}]},"9":{"line":111,"type":"if","locations":[{"start":{"line":111,"column":10},"end":{"line":111,"column":10}},{"start":{"line":111,"column":10},"end":{"line":111,"column":10}}]},"10":{"line":125,"type":"if","locations":[{"start":{"line":125,"column":6},"end":{"line":125,"column":6}},{"start":{"line":125,"column":6},"end":{"line":125,"column":6}}]},"11":{"line":131,"type":"if","locations":[{"start":{"line":131,"column":8},"end":{"line":131,"column":8}},{"start":{"line":131,"column":8},"end":{"line":131,"column":8}}]},"12":{"line":136,"type":"if","locations":[{"start":{"line":136,"column":10},"end":{"line":136,"column":10}},{"start":{"line":136,"column":10},"end":{"line":136,"column":10}}]}}},"/Users/randalkamradt/github/meta-app/meta-data/meta-models.js":{"path":"/Users/randalkamradt/github/meta-app/meta-data/meta-models.js","s":{"1":1,"2":1,"3":9,"4":9,"5":9,"6":18,"7":9,"8":1,"9":12,"10":12,"11":1,"12":11},"b":{"1":[1,11]},"f":{"1":9,"2":9,"3":1,"4":12},"fnMap":{"1":{"name":"(anonymous_1)","line":15,"loc":{"start":{"line":15,"column":17},"end":{"line":15,"column":32}}},"2":{"name":"(anonymous_2)","line":18,"loc":{"start":{"line":18,"column":18},"end":{"line":18,"column":33}}},"3":{"name":"(anonymous_3)","line":26,"loc":{"start":{"line":26,"column":17},"end":{"line":26,"column":28}}},"4":{"name":"(anonymous_4)","line":34,"loc":{"start":{"line":34,"column":16},"end":{"line":34,"column":36}}}},"statementMap":{"1":{"start":{"line":13,"column":1},"end":{"line":13,"column":44}},"2":{"start":{"line":15,"column":0},"end":{"line":42,"column":2}},"3":{"start":{"line":16,"column":2},"end":{"line":41,"column":4}},"4":{"start":{"line":19,"column":6},"end":{"line":19,"column":19}},"5":{"start":{"line":20,"column":6},"end":{"line":23,"column":7}},"6":{"start":{"line":21,"column":8},"end":{"line":22,"column":46}},"7":{"start":{"line":24,"column":6},"end":{"line":24,"column":17}},"8":{"start":{"line":27,"column":6},"end":{"line":27,"column":28}},"9":{"start":{"line":35,"column":6},"end":{"line":35,"column":47}},"10":{"start":{"line":36,"column":6},"end":{"line":38,"column":7}},"11":{"start":{"line":37,"column":8},"end":{"line":37,"column":57}},"12":{"start":{"line":39,"column":6},"end":{"line":39,"column":22}}},"branchMap":{"1":{"line":36,"type":"if","locations":[{"start":{"line":36,"column":6},"end":{"line":36,"column":6}},{"start":{"line":36,"column":6},"end":{"line":36,"column":6}}]}}},"/Users/randalkamradt/github/meta-app/meta-data/meta-model.js":{"path":"/Users/randalkamradt/github/meta-app/meta-data/meta-model.js","s":{"1":1,"2":1,"3":27,"4":27,"5":27,"6":90,"7":27,"8":27,"9":72,"10":18,"11":3,"12":166,"13":472,"14":22,"15":32,"16":129,"17":129,"18":324,"19":324,"20":128,"21":128,"22":129,"23":1,"24":128,"25":36,"26":36,"27":144,"28":144,"29":0,"30":36,"31":32,"32":35},"b":{"1":[18,54],"2":[128,196],"3":[1,128],"4":[0,144],"5":[32,4]},"f":{"1":27,"2":27,"3":27,"4":3,"5":166,"6":472,"7":22,"8":32,"9":36},"fnMap":{"1":{"name":"(anonymous_1)","line":3,"loc":{"start":{"line":3,"column":17},"end":{"line":3,"column":32}}},"2":{"name":"(anonymous_2)","line":7,"loc":{"start":{"line":7,"column":21},"end":{"line":7,"column":36}}},"3":{"name":"(anonymous_3)","line":15,"loc":{"start":{"line":15,"column":13},"end":{"line":15,"column":28}}},"4":{"name":"(anonymous_4)","line":22,"loc":{"start":{"line":22,"column":15},"end":{"line":22,"column":26}}},"5":{"name":"(anonymous_5)","line":25,"loc":{"start":{"line":25,"column":21},"end":{"line":25,"column":32}}},"6":{"name":"(anonymous_6)","line":28,"loc":{"start":{"line":28,"column":19},"end":{"line":28,"column":34}}},"7":{"name":"(anonymous_7)","line":31,"loc":{"start":{"line":31,"column":14},"end":{"line":31,"column":25}}},"8":{"name":"(anonymous_8)","line":39,"loc":{"start":{"line":39,"column":13},"end":{"line":39,"column":33}}},"9":{"name":"(anonymous_9)","line":60,"loc":{"start":{"line":60,"column":14},"end":{"line":60,"column":29}}}},"statementMap":{"1":{"start":{"line":1,"column":0},"end":{"line":1,"column":49}},"2":{"start":{"line":3,"column":0},"end":{"line":74,"column":2}},"3":{"start":{"line":4,"column":2},"end":{"line":73,"column":4}},"4":{"start":{"line":8,"column":6},"end":{"line":8,"column":19}},"5":{"start":{"line":9,"column":6},"end":{"line":12,"column":7}},"6":{"start":{"line":10,"column":8},"end":{"line":11,"column":53}},"7":{"start":{"line":13,"column":6},"end":{"line":13,"column":17}},"8":{"start":{"line":16,"column":6},"end":{"line":20,"column":7}},"9":{"start":{"line":17,"column":8},"end":{"line":19,"column":9}},"10":{"start":{"line":18,"column":10},"end":{"line":18,"column":43}},"11":{"start":{"line":23,"column":6},"end":{"line":23,"column":24}},"12":{"start":{"line":26,"column":6},"end":{"line":26,"column":31}},"13":{"start":{"line":29,"column":6},"end":{"line":29,"column":37}},"14":{"start":{"line":32,"column":6},"end":{"line":32,"column":23}},"15":{"start":{"line":40,"column":6},"end":{"line":53,"column":7}},"16":{"start":{"line":41,"column":8},"end":{"line":41,"column":26}},"17":{"start":{"line":42,"column":8},"end":{"line":48,"column":9}},"18":{"start":{"line":43,"column":10},"end":{"line":43,"column":48}},"19":{"start":{"line":44,"column":10},"end":{"line":47,"column":11}},"20":{"start":{"line":45,"column":12},"end":{"line":45,"column":25}},"21":{"start":{"line":46,"column":12},"end":{"line":46,"column":18}},"22":{"start":{"line":49,"column":8},"end":{"line":51,"column":9}},"23":{"start":{"line":50,"column":10},"end":{"line":50,"column":71}},"24":{"start":{"line":52,"column":8},"end":{"line":52,"column":25}},"25":{"start":{"line":61,"column":6},"end":{"line":61,"column":19}},"26":{"start":{"line":62,"column":6},"end":{"line":67,"column":7}},"27":{"start":{"line":63,"column":8},"end":{"line":63,"column":46}},"28":{"start":{"line":64,"column":8},"end":{"line":66,"column":9}},"29":{"start":{"line":65,"column":10},"end":{"line":65,"column":55}},"30":{"start":{"line":68,"column":6},"end":{"line":70,"column":7}},"31":{"start":{"line":69,"column":8},"end":{"line":69,"column":30}},"32":{"start":{"line":71,"column":6},"end":{"line":71,"column":17}}},"branchMap":{"1":{"line":17,"type":"if","locations":[{"start":{"line":17,"column":8},"end":{"line":17,"column":8}},{"start":{"line":17,"column":8},"end":{"line":17,"column":8}}]},"2":{"line":44,"type":"if","locations":[{"start":{"line":44,"column":10},"end":{"line":44,"column":10}},{"start":{"line":44,"column":10},"end":{"line":44,"column":10}}]},"3":{"line":49,"type":"if","locations":[{"start":{"line":49,"column":8},"end":{"line":49,"column":8}},{"start":{"line":49,"column":8},"end":{"line":49,"column":8}}]},"4":{"line":64,"type":"if","locations":[{"start":{"line":64,"column":8},"end":{"line":64,"column":8}},{"start":{"line":64,"column":8},"end":{"line":64,"column":8}}]},"5":{"line":68,"type":"if","locations":[{"start":{"line":68,"column":6},"end":{"line":68,"column":6}},{"start":{"line":68,"column":6},"end":{"line":68,"column":6}}]}}},"/Users/randalkamradt/github/meta-app/meta-data/meta-property.js":{"path":"/Users/randalkamradt/github/meta-app/meta-data/meta-property.js","s":{"1":1,"2":1,"3":108,"4":108,"5":1,"6":107,"7":74,"8":33,"9":107,"10":107,"11":107,"12":107,"13":107,"14":107,"15":107,"16":106,"17":1,"18":1,"19":0,"20":107,"21":0,"22":3,"23":5,"24":326,"25":146,"26":3,"27":3,"28":4,"29":2,"30":4,"31":0,"32":0,"33":0,"34":0,"35":0,"36":0,"37":0,"38":108,"39":107},"b":{"1":[1,107],"2":[74,33],"3":[107,88],"4":[107,106],"5":[107,105],"6":[106,1],"7":[1,105],"8":[0,1],"9":[0,107],"10":[107,2,0],"11":[3,2],"12":[2,2],"13":[4,2],"14":[2,0],"15":[0,0],"16":[0,0],"17":[0,0]},"f":{"1":108,"2":108,"3":3,"4":5,"5":326,"6":146,"7":3,"8":3,"9":4,"10":0},"fnMap":{"1":{"name":"(anonymous_1)","line":3,"loc":{"start":{"line":3,"column":17},"end":{"line":3,"column":32}}},"2":{"name":"(anonymous_2)","line":5,"loc":{"start":{"line":5,"column":12},"end":{"line":5,"column":27}}},"3":{"name":"(anonymous_3)","line":33,"loc":{"start":{"line":33,"column":17},"end":{"line":33,"column":28}}},"4":{"name":"(anonymous_4)","line":36,"loc":{"start":{"line":36,"column":13},"end":{"line":36,"column":24}}},"5":{"name":"(anonymous_5)","line":39,"loc":{"start":{"line":39,"column":15},"end":{"line":39,"column":26}}},"6":{"name":"(anonymous_6)","line":42,"loc":{"start":{"line":42,"column":23},"end":{"line":42,"column":34}}},"7":{"name":"(anonymous_7)","line":45,"loc":{"start":{"line":45,"column":15},"end":{"line":45,"column":26}}},"8":{"name":"(anonymous_8)","line":48,"loc":{"start":{"line":48,"column":18},"end":{"line":48,"column":29}}},"9":{"name":"(anonymous_9)","line":51,"loc":{"start":{"line":51,"column":18},"end":{"line":51,"column":29}}},"10":{"name":"(anonymous_10)","line":58,"loc":{"start":{"line":58,"column":15},"end":{"line":58,"column":29}}}},"statementMap":{"1":{"start":{"line":1,"column":0},"end":{"line":1,"column":155}},"2":{"start":{"line":3,"column":0},"end":{"line":73,"column":2}},"3":{"start":{"line":4,"column":2},"end":{"line":70,"column":4}},"4":{"start":{"line":6,"column":6},"end":{"line":8,"column":7}},"5":{"start":{"line":7,"column":8},"end":{"line":7,"column":66}},"6":{"start":{"line":9,"column":6},"end":{"line":13,"column":7}},"7":{"start":{"line":10,"column":8},"end":{"line":10,"column":37}},"8":{"start":{"line":12,"column":8},"end":{"line":12,"column":29}},"9":{"start":{"line":14,"column":6},"end":{"line":14,"column":36}},"10":{"start":{"line":15,"column":6},"end":{"line":15,"column":29}},"11":{"start":{"line":16,"column":6},"end":{"line":16,"column":46}},"12":{"start":{"line":17,"column":6},"end":{"line":17,"column":35}},"13":{"start":{"line":18,"column":6},"end":{"line":18,"column":41}},"14":{"start":{"line":19,"column":6},"end":{"line":19,"column":33}},"15":{"start":{"line":20,"column":6},"end":{"line":28,"column":7}},"16":{"start":{"line":21,"column":8},"end":{"line":23,"column":9}},"17":{"start":{"line":22,"column":10},"end":{"line":22,"column":39}},"18":{"start":{"line":25,"column":8},"end":{"line":27,"column":9}},"19":{"start":{"line":26,"column":10},"end":{"line":26,"column":47}},"20":{"start":{"line":29,"column":6},"end":{"line":31,"column":7}},"21":{"start":{"line":30,"column":10},"end":{"line":30,"column":91}},"22":{"start":{"line":34,"column":6},"end":{"line":34,"column":27}},"23":{"start":{"line":37,"column":6},"end":{"line":37,"column":23}},"24":{"start":{"line":40,"column":6},"end":{"line":40,"column":24}},"25":{"start":{"line":43,"column":6},"end":{"line":43,"column":27}},"26":{"start":{"line":46,"column":6},"end":{"line":46,"column":24}},"27":{"start":{"line":49,"column":6},"end":{"line":49,"column":41}},"28":{"start":{"line":52,"column":6},"end":{"line":55,"column":7}},"29":{"start":{"line":53,"column":8},"end":{"line":54,"column":9}},"30":{"start":{"line":56,"column":6},"end":{"line":56,"column":27}},"31":{"start":{"line":59,"column":6},"end":{"line":61,"column":7}},"32":{"start":{"line":60,"column":8},"end":{"line":60,"column":20}},"33":{"start":{"line":62,"column":6},"end":{"line":64,"column":7}},"34":{"start":{"line":63,"column":8},"end":{"line":63,"column":31}},"35":{"start":{"line":65,"column":6},"end":{"line":67,"column":7}},"36":{"start":{"line":66,"column":8},"end":{"line":66,"column":55}},"37":{"start":{"line":68,"column":6},"end":{"line":68,"column":18}},"38":{"start":{"line":71,"column":2},"end":{"line":71,"column":17}},"39":{"start":{"line":72,"column":2},"end":{"line":72,"column":13}}},"branchMap":{"1":{"line":6,"type":"if","locations":[{"start":{"line":6,"column":6},"end":{"line":6,"column":6}},{"start":{"line":6,"column":6},"end":{"line":6,"column":6}}]},"2":{"line":9,"type":"if","locations":[{"start":{"line":9,"column":6},"end":{"line":9,"column":6}},{"start":{"line":9,"column":6},"end":{"line":9,"column":6}}]},"3":{"line":14,"type":"binary-expr","locations":[{"start":{"line":14,"column":18},"end":{"line":14,"column":26}},{"start":{"line":14,"column":30},"end":{"line":14,"column":35}}]},"4":{"line":16,"type":"binary-expr","locations":[{"start":{"line":16,"column":23},"end":{"line":16,"column":36}},{"start":{"line":16,"column":40},"end":{"line":16,"column":45}}]},"5":{"line":18,"type":"binary-expr","locations":[{"start":{"line":18,"column":19},"end":{"line":18,"column":28}},{"start":{"line":18,"column":32},"end":{"line":18,"column":40}}]},"6":{"line":20,"type":"if","locations":[{"start":{"line":20,"column":6},"end":{"line":20,"column":6}},{"start":{"line":20,"column":6},"end":{"line":20,"column":6}}]},"7":{"line":21,"type":"if","locations":[{"start":{"line":21,"column":8},"end":{"line":21,"column":8}},{"start":{"line":21,"column":8},"end":{"line":21,"column":8}}]},"8":{"line":25,"type":"if","locations":[{"start":{"line":25,"column":8},"end":{"line":25,"column":8}},{"start":{"line":25,"column":8},"end":{"line":25,"column":8}}]},"9":{"line":29,"type":"if","locations":[{"start":{"line":29,"column":6},"end":{"line":29,"column":6}},{"start":{"line":29,"column":6},"end":{"line":29,"column":6}}]},"10":{"line":29,"type":"binary-expr","locations":[{"start":{"line":29,"column":9},"end":{"line":29,"column":22}},{"start":{"line":29,"column":26},"end":{"line":29,"column":39}},{"start":{"line":29,"column":43},"end":{"line":29,"column":77}}]},"11":{"line":49,"type":"binary-expr","locations":[{"start":{"line":49,"column":13},"end":{"line":49,"column":27}},{"start":{"line":49,"column":31},"end":{"line":49,"column":40}}]},"12":{"line":52,"type":"if","locations":[{"start":{"line":52,"column":6},"end":{"line":52,"column":6}},{"start":{"line":52,"column":6},"end":{"line":52,"column":6}}]},"13":{"line":52,"type":"binary-expr","locations":[{"start":{"line":52,"column":9},"end":{"line":52,"column":23}},{"start":{"line":52,"column":27},"end":{"line":52,"column":37}}]},"14":{"line":53,"type":"if","locations":[{"start":{"line":53,"column":8},"end":{"line":53,"column":8}},{"start":{"line":53,"column":8},"end":{"line":53,"column":8}}]},"15":{"line":59,"type":"if","locations":[{"start":{"line":59,"column":6},"end":{"line":59,"column":6}},{"start":{"line":59,"column":6},"end":{"line":59,"column":6}}]},"16":{"line":62,"type":"if","locations":[{"start":{"line":62,"column":6},"end":{"line":62,"column":6}},{"start":{"line":62,"column":6},"end":{"line":62,"column":6}}]},"17":{"line":65,"type":"if","locations":[{"start":{"line":65,"column":6},"end":{"line":65,"column":6}},{"start":{"line":65,"column":6},"end":{"line":65,"column":6}}]}}},"/Users/randalkamradt/github/meta-app/meta-data/meta-rest.js":{"path":"/Users/randalkamradt/github/meta-app/meta-data/meta-rest.js","s":{"1":1,"2":2,"3":2,"4":0,"5":0,"6":2,"7":2,"8":0,"9":0,"10":0,"11":0,"12":0,"13":0,"14":0,"15":0,"16":0,"17":0,"18":0,"19":0,"20":0,"21":0,"22":0,"23":0,"24":0,"25":0,"26":0,"27":0,"28":0,"29":0,"30":0,"31":0,"32":0,"33":0,"34":0,"35":0,"36":0,"37":0,"38":0,"39":0,"40":0,"41":0,"42":0,"43":0,"44":0,"45":0,"46":0,"47":0,"48":0,"49":0,"50":0,"51":0,"52":0,"53":0,"54":0,"55":1,"56":1,"57":2,"58":2,"59":2,"60":1,"61":0,"62":0,"63":1,"64":0,"65":0,"66":0,"67":0,"68":0,"69":0,"70":0,"71":0,"72":0,"73":0},"b":{"1":[0,0],"2":[2,0],"3":[0,0],"4":[0,0],"5":[0,0],"6":[0,0],"7":[0,0],"8":[0,0],"9":[0,0],"10":[0,0],"11":[0,0],"12":[0,0],"13":[0,0]},"f":{"1":2,"2":0,"3":0,"4":0,"5":0,"6":0,"7":0,"8":0,"9":0,"10":0,"11":0,"12":0,"13":0,"14":1,"15":0,"16":0},"fnMap":{"1":{"name":"(anonymous_1)","line":16,"loc":{"start":{"line":16,"column":19},"end":{"line":16,"column":47}}},"2":{"name":"(anonymous_2)","line":26,"loc":{"start":{"line":26,"column":28},"end":{"line":26,"column":47}}},"3":{"name":"(anonymous_3)","line":27,"loc":{"start":{"line":27,"column":18},"end":{"line":27,"column":40}}},"4":{"name":"(anonymous_4)","line":36,"loc":{"start":{"line":36,"column":37},"end":{"line":36,"column":56}}},"5":{"name":"(anonymous_5)","line":37,"loc":{"start":{"line":37,"column":30},"end":{"line":37,"column":52}}},"6":{"name":"(anonymous_6)","line":51,"loc":{"start":{"line":51,"column":37},"end":{"line":51,"column":56}}},"7":{"name":"(anonymous_7)","line":54,"loc":{"start":{"line":54,"column":30},"end":{"line":54,"column":52}}},"8":{"name":"(anonymous_8)","line":63,"loc":{"start":{"line":63,"column":38},"end":{"line":63,"column":60}}},"9":{"name":"(anonymous_9)","line":68,"loc":{"start":{"line":68,"column":30},"end":{"line":68,"column":52}}},"10":{"name":"(anonymous_10)","line":82,"loc":{"start":{"line":82,"column":38},"end":{"line":82,"column":57}}},"11":{"name":"(anonymous_11)","line":84,"loc":{"start":{"line":84,"column":19},"end":{"line":84,"column":41}}},"12":{"name":"(anonymous_12)","line":93,"loc":{"start":{"line":93,"column":40},"end":{"line":93,"column":59}}},"13":{"name":"(anonymous_13)","line":94,"loc":{"start":{"line":94,"column":32},"end":{"line":94,"column":54}}},"14":{"name":"(anonymous_14)","line":123,"loc":{"start":{"line":123,"column":17},"end":{"line":123,"column":46}}},"15":{"name":"(anonymous_15)","line":129,"loc":{"start":{"line":129,"column":23},"end":{"line":129,"column":42}}},"16":{"name":"(anonymous_16)","line":133,"loc":{"start":{"line":133,"column":27},"end":{"line":133,"column":46}}}},"statementMap":{"1":{"start":{"line":16,"column":0},"end":{"line":103,"column":2}},"2":{"start":{"line":17,"column":2},"end":{"line":17,"column":10}},"3":{"start":{"line":18,"column":2},"end":{"line":22,"column":3}},"4":{"start":{"line":19,"column":4},"end":{"line":21,"column":5}},"5":{"start":{"line":20,"column":6},"end":{"line":20,"column":44}},"6":{"start":{"line":23,"column":2},"end":{"line":25,"column":3}},"7":{"start":{"line":24,"column":4},"end":{"line":24,"column":11}},"8":{"start":{"line":26,"column":2},"end":{"line":35,"column":5}},"9":{"start":{"line":27,"column":4},"end":{"line":34,"column":7}},"10":{"start":{"line":28,"column":6},"end":{"line":32,"column":7}},"11":{"start":{"line":29,"column":8},"end":{"line":29,"column":34}},"12":{"start":{"line":31,"column":8},"end":{"line":31,"column":66}},"13":{"start":{"line":33,"column":6},"end":{"line":33,"column":16}},"14":{"start":{"line":36,"column":2},"end":{"line":50,"column":5}},"15":{"start":{"line":37,"column":4},"end":{"line":49,"column":7}},"16":{"start":{"line":38,"column":6},"end":{"line":47,"column":7}},"17":{"start":{"line":39,"column":8},"end":{"line":39,"column":43}},"18":{"start":{"line":40,"column":8},"end":{"line":40,"column":34}},"19":{"start":{"line":42,"column":8},"end":{"line":46,"column":9}},"20":{"start":{"line":43,"column":10},"end":{"line":43,"column":26}},"21":{"start":{"line":45,"column":10},"end":{"line":45,"column":68}},"22":{"start":{"line":48,"column":6},"end":{"line":48,"column":16}},"23":{"start":{"line":51,"column":2},"end":{"line":81,"column":5}},"24":{"start":{"line":52,"column":4},"end":{"line":52,"column":36}},"25":{"start":{"line":53,"column":4},"end":{"line":53,"column":30}},"26":{"start":{"line":54,"column":4},"end":{"line":80,"column":7}},"27":{"start":{"line":55,"column":6},"end":{"line":79,"column":7}},"28":{"start":{"line":56,"column":8},"end":{"line":56,"column":34}},"29":{"start":{"line":57,"column":8},"end":{"line":57,"column":18}},"30":{"start":{"line":59,"column":8},"end":{"line":78,"column":9}},"31":{"start":{"line":60,"column":10},"end":{"line":60,"column":26}},"32":{"start":{"line":61,"column":10},"end":{"line":61,"column":20}},"33":{"start":{"line":63,"column":10},"end":{"line":77,"column":13}},"34":{"start":{"line":64,"column":12},"end":{"line":76,"column":13}},"35":{"start":{"line":65,"column":14},"end":{"line":65,"column":40}},"36":{"start":{"line":66,"column":14},"end":{"line":66,"column":24}},"37":{"start":{"line":68,"column":14},"end":{"line":75,"column":17}},"38":{"start":{"line":69,"column":16},"end":{"line":73,"column":17}},"39":{"start":{"line":70,"column":18},"end":{"line":70,"column":44}},"40":{"start":{"line":72,"column":18},"end":{"line":72,"column":34}},"41":{"start":{"line":74,"column":16},"end":{"line":74,"column":26}},"42":{"start":{"line":82,"column":2},"end":{"line":92,"column":5}},"43":{"start":{"line":83,"column":4},"end":{"line":83,"column":24}},"44":{"start":{"line":84,"column":4},"end":{"line":91,"column":7}},"45":{"start":{"line":85,"column":6},"end":{"line":89,"column":7}},"46":{"start":{"line":86,"column":8},"end":{"line":86,"column":34}},"47":{"start":{"line":88,"column":8},"end":{"line":88,"column":24}},"48":{"start":{"line":90,"column":6},"end":{"line":90,"column":16}},"49":{"start":{"line":93,"column":2},"end":{"line":102,"column":5}},"50":{"start":{"line":94,"column":4},"end":{"line":101,"column":7}},"51":{"start":{"line":95,"column":6},"end":{"line":99,"column":7}},"52":{"start":{"line":96,"column":8},"end":{"line":96,"column":34}},"53":{"start":{"line":98,"column":8},"end":{"line":98,"column":24}},"54":{"start":{"line":100,"column":6},"end":{"line":100,"column":16}},"55":{"start":{"line":123,"column":0},"end":{"line":149,"column":2}},"56":{"start":{"line":124,"column":2},"end":{"line":128,"column":3}},"57":{"start":{"line":125,"column":4},"end":{"line":125,"column":57}},"58":{"start":{"line":126,"column":4},"end":{"line":126,"column":43}},"59":{"start":{"line":127,"column":4},"end":{"line":127,"column":36}},"60":{"start":{"line":129,"column":2},"end":{"line":132,"column":5}},"61":{"start":{"line":130,"column":4},"end":{"line":130,"column":60}},"62":{"start":{"line":131,"column":4},"end":{"line":131,"column":14}},"63":{"start":{"line":133,"column":2},"end":{"line":148,"column":5}},"64":{"start":{"line":134,"column":4},"end":{"line":134,"column":14}},"65":{"start":{"line":135,"column":4},"end":{"line":141,"column":5}},"66":{"start":{"line":136,"column":6},"end":{"line":136,"column":41}},"67":{"start":{"line":137,"column":6},"end":{"line":140,"column":7}},"68":{"start":{"line":138,"column":8},"end":{"line":138,"column":18}},"69":{"start":{"line":139,"column":8},"end":{"line":139,"column":14}},"70":{"start":{"line":142,"column":4},"end":{"line":146,"column":5}},"71":{"start":{"line":143,"column":6},"end":{"line":143,"column":35}},"72":{"start":{"line":145,"column":6},"end":{"line":145,"column":63}},"73":{"start":{"line":147,"column":4},"end":{"line":147,"column":14}}},"branchMap":{"1":{"line":19,"type":"if","locations":[{"start":{"line":19,"column":4},"end":{"line":19,"column":4}},{"start":{"line":19,"column":4},"end":{"line":19,"column":4}}]},"2":{"line":23,"type":"if","locations":[{"start":{"line":23,"column":2},"end":{"line":23,"column":2}},{"start":{"line":23,"column":2},"end":{"line":23,"column":2}}]},"3":{"line":28,"type":"if","locations":[{"start":{"line":28,"column":6},"end":{"line":28,"column":6}},{"start":{"line":28,"column":6},"end":{"line":28,"column":6}}]},"4":{"line":38,"type":"if","locations":[{"start":{"line":38,"column":6},"end":{"line":38,"column":6}},{"start":{"line":38,"column":6},"end":{"line":38,"column":6}}]},"5":{"line":42,"type":"if","locations":[{"start":{"line":42,"column":8},"end":{"line":42,"column":8}},{"start":{"line":42,"column":8},"end":{"line":42,"column":8}}]},"6":{"line":55,"type":"if","locations":[{"start":{"line":55,"column":6},"end":{"line":55,"column":6}},{"start":{"line":55,"column":6},"end":{"line":55,"column":6}}]},"7":{"line":59,"type":"if","locations":[{"start":{"line":59,"column":8},"end":{"line":59,"column":8}},{"start":{"line":59,"column":8},"end":{"line":59,"column":8}}]},"8":{"line":64,"type":"if","locations":[{"start":{"line":64,"column":12},"end":{"line":64,"column":12}},{"start":{"line":64,"column":12},"end":{"line":64,"column":12}}]},"9":{"line":69,"type":"if","locations":[{"start":{"line":69,"column":16},"end":{"line":69,"column":16}},{"start":{"line":69,"column":16},"end":{"line":69,"column":16}}]},"10":{"line":85,"type":"if","locations":[{"start":{"line":85,"column":6},"end":{"line":85,"column":6}},{"start":{"line":85,"column":6},"end":{"line":85,"column":6}}]},"11":{"line":95,"type":"if","locations":[{"start":{"line":95,"column":6},"end":{"line":95,"column":6}},{"start":{"line":95,"column":6},"end":{"line":95,"column":6}}]},"12":{"line":137,"type":"if","locations":[{"start":{"line":137,"column":6},"end":{"line":137,"column":6}},{"start":{"line":137,"column":6},"end":{"line":137,"column":6}}]},"13":{"line":142,"type":"if","locations":[{"start":{"line":142,"column":4},"end":{"line":142,"column":4}},{"start":{"line":142,"column":4},"end":{"line":142,"column":4}}]}}},"/Users/randalkamradt/github/meta-app/index.js":{"path":"/Users/randalkamradt/github/meta-app/index.js","s":{"1":1,"2":1,"3":1,"4":1,"5":1,"6":1,"7":5,"8":1,"9":2,"10":1,"11":1,"12":1},"b":{},"f":{"1":5,"2":1,"3":2,"4":1,"5":1,"6":1},"fnMap":{"1":{"name":"(anonymous_1)","line":25,"loc":{"start":{"line":25,"column":17},"end":{"line":25,"column":32}}},"2":{"name":"(anonymous_2)","line":34,"loc":{"start":{"line":34,"column":23},"end":{"line":34,"column":53}}},"3":{"name":"(anonymous_3)","line":42,"loc":{"start":{"line":42,"column":25},"end":{"line":42,"column":45}}},"4":{"name":"(anonymous_4)","line":52,"loc":{"start":{"line":52,"column":24},"end":{"line":52,"column":65}}},"5":{"name":"(anonymous_5)","line":59,"loc":{"start":{"line":59,"column":21},"end":{"line":59,"column":32}}},"6":{"name":"(anonymous_6)","line":67,"loc":{"start":{"line":67,"column":19},"end":{"line":67,"column":40}}}},"statementMap":{"1":{"start":{"line":8,"column":0},"end":{"line":8,"column":52}},"2":{"start":{"line":9,"column":0},"end":{"line":9,"column":53}},"3":{"start":{"line":10,"column":0},"end":{"line":10,"column":54}},"4":{"start":{"line":11,"column":0},"end":{"line":11,"column":55}},"5":{"start":{"line":12,"column":0},"end":{"line":12,"column":48}},"6":{"start":{"line":25,"column":0},"end":{"line":71,"column":2}},"7":{"start":{"line":26,"column":2},"end":{"line":70,"column":4}},"8":{"start":{"line":35,"column":8},"end":{"line":35,"column":69}},"9":{"start":{"line":43,"column":8},"end":{"line":43,"column":61}},"10":{"start":{"line":53,"column":8},"end":{"line":53,"column":81}},"11":{"start":{"line":60,"column":6},"end":{"line":60,"column":26}},"12":{"start":{"line":68,"column":6},"end":{"line":68,"column":41}}},"branchMap":{}},"/Users/randalkamradt/github/meta-app/meta-data/mem-storage.js":{"path":"/Users/randalkamradt/github/meta-app/meta-data/mem-storage.js","s":{"1":1,"2":8,"3":5,"4":5,"5":1,"6":1,"7":1,"8":4,"9":4,"10":2,"11":0,"12":0,"13":2,"14":2,"15":2,"16":2,"17":2,"18":2,"19":2,"20":0,"21":0,"22":2,"23":2,"24":3,"25":1,"26":1,"27":2},"b":{"1":[0,2],"2":[2,0],"3":[0,2],"4":[1,2]},"f":{"1":8,"2":5,"3":1,"4":4,"5":2,"6":2},"fnMap":{"1":{"name":"(anonymous_1)","line":13,"loc":{"start":{"line":13,"column":17},"end":{"line":13,"column":33}}},"2":{"name":"(anonymous_2)","line":23,"loc":{"start":{"line":23,"column":12},"end":{"line":23,"column":30}}},"3":{"name":"(anonymous_3)","line":32,"loc":{"start":{"line":32,"column":11},"end":{"line":32,"column":29}}},"4":{"name":"(anonymous_4)","line":41,"loc":{"start":{"line":41,"column":15},"end":{"line":41,"column":30}}},"5":{"name":"(anonymous_5)","line":50,"loc":{"start":{"line":50,"column":12},"end":{"line":50,"column":32}}},"6":{"name":"(anonymous_6)","line":69,"loc":{"start":{"line":69,"column":14},"end":{"line":69,"column":34}}}},"statementMap":{"1":{"start":{"line":13,"column":0},"end":{"line":84,"column":2}},"2":{"start":{"line":14,"column":2},"end":{"line":83,"column":4}},"3":{"start":{"line":24,"column":6},"end":{"line":24,"column":40}},"4":{"start":{"line":25,"column":6},"end":{"line":25,"column":13}},"5":{"start":{"line":33,"column":6},"end":{"line":33,"column":25}},"6":{"start":{"line":34,"column":6},"end":{"line":34,"column":34}},"7":{"start":{"line":35,"column":6},"end":{"line":35,"column":22}},"8":{"start":{"line":42,"column":6},"end":{"line":42,"column":38}},"9":{"start":{"line":43,"column":6},"end":{"line":43,"column":22}},"10":{"start":{"line":51,"column":6},"end":{"line":54,"column":7}},"11":{"start":{"line":52,"column":8},"end":{"line":52,"column":42}},"12":{"start":{"line":53,"column":8},"end":{"line":53,"column":15}},"13":{"start":{"line":55,"column":6},"end":{"line":55,"column":21}},"14":{"start":{"line":56,"column":6},"end":{"line":61,"column":7}},"15":{"start":{"line":57,"column":8},"end":{"line":60,"column":9}},"16":{"start":{"line":58,"column":10},"end":{"line":58,"column":30}},"17":{"start":{"line":59,"column":10},"end":{"line":59,"column":16}},"18":{"start":{"line":62,"column":6},"end":{"line":62,"column":22}},"19":{"start":{"line":70,"column":6},"end":{"line":73,"column":7}},"20":{"start":{"line":71,"column":8},"end":{"line":71,"column":42}},"21":{"start":{"line":72,"column":8},"end":{"line":72,"column":15}},"22":{"start":{"line":74,"column":6},"end":{"line":74,"column":21}},"23":{"start":{"line":75,"column":6},"end":{"line":80,"column":7}},"24":{"start":{"line":76,"column":8},"end":{"line":79,"column":9}},"25":{"start":{"line":77,"column":10},"end":{"line":77,"column":43}},"26":{"start":{"line":78,"column":10},"end":{"line":78,"column":16}},"27":{"start":{"line":81,"column":6},"end":{"line":81,"column":22}}},"branchMap":{"1":{"line":51,"type":"if","locations":[{"start":{"line":51,"column":6},"end":{"line":51,"column":6}},{"start":{"line":51,"column":6},"end":{"line":51,"column":6}}]},"2":{"line":57,"type":"if","locations":[{"start":{"line":57,"column":8},"end":{"line":57,"column":8}},{"start":{"line":57,"column":8},"end":{"line":57,"column":8}}]},"3":{"line":70,"type":"if","locations":[{"start":{"line":70,"column":6},"end":{"line":70,"column":6}},{"start":{"line":70,"column":6},"end":{"line":70,"column":6}}]},"4":{"line":76,"type":"if","locations":[{"start":{"line":76,"column":8},"end":{"line":76,"column":8}},{"start":{"line":76,"column":8},"end":{"line":76,"column":8}}]}}},"/Users/randalkamradt/github/meta-app/meta-data/mongo-storage.js":{"path":"/Users/randalkamradt/github/meta-app/meta-data/mongo-storage.js","s":{"1":1,"2":1,"3":1,"4":7,"5":14,"6":14,"7":14,"8":0,"9":0,"10":14,"11":14,"12":14,"13":5,"14":5,"15":5,"16":0,"17":5,"18":5,"19":5,"20":0,"21":5,"22":1,"23":1,"24":1,"25":0,"26":1,"27":1,"28":1,"29":1,"30":1,"31":0,"32":1,"33":4,"34":4,"35":4,"36":0,"37":4,"38":4,"39":4,"40":0,"41":4,"42":2,"43":0,"44":0,"45":2,"46":2,"47":2,"48":0,"49":2,"50":2,"51":2,"52":2,"53":2,"54":2,"55":2,"56":2,"57":2,"58":2,"59":0,"60":0,"61":2,"62":2,"63":2,"64":0,"65":2,"66":2,"67":2,"68":2,"69":2,"70":1,"71":2,"72":2,"73":2},"b":{"1":[0,14],"2":[0,5],"3":[0,5],"4":[0,1],"5":[0,1],"6":[0,4],"7":[0,4],"8":[0,2],"9":[0,2],"10":[2,0],"11":[2,2],"12":[0,2],"13":[0,2],"14":[1,1],"15":[2,2]},"f":{"1":7,"2":14,"3":14,"4":5,"5":5,"6":5,"7":1,"8":1,"9":1,"10":4,"11":4,"12":4,"13":2,"14":2,"15":2,"16":2,"17":2,"18":2,"19":2},"fnMap":{"1":{"name":"(anonymous_1)","line":18,"loc":{"start":{"line":18,"column":17},"end":{"line":18,"column":54}}},"2":{"name":"(anonymous_2)","line":26,"loc":{"start":{"line":26,"column":22},"end":{"line":26,"column":37}}},"3":{"name":"(anonymous_3)","line":28,"loc":{"start":{"line":28,"column":37},"end":{"line":28,"column":55}}},"4":{"name":"(anonymous_4)","line":43,"loc":{"start":{"line":43,"column":12},"end":{"line":43,"column":30}}},"5":{"name":"(anonymous_5)","line":45,"loc":{"start":{"line":45,"column":26},"end":{"line":45,"column":40}}},"6":{"name":"(anonymous_6)","line":49,"loc":{"start":{"line":49,"column":35},"end":{"line":49,"column":57}}},"7":{"name":"(anonymous_7)","line":64,"loc":{"start":{"line":64,"column":11},"end":{"line":64,"column":29}}},"8":{"name":"(anonymous_8)","line":66,"loc":{"start":{"line":66,"column":26},"end":{"line":66,"column":40}}},"9":{"name":"(anonymous_9)","line":72,"loc":{"start":{"line":72,"column":36},"end":{"line":72,"column":58}}},"10":{"name":"(anonymous_10)","line":86,"loc":{"start":{"line":86,"column":15},"end":{"line":86,"column":30}}},"11":{"name":"(anonymous_11)","line":88,"loc":{"start":{"line":88,"column":26},"end":{"line":88,"column":40}}},"12":{"name":"(anonymous_12)","line":92,"loc":{"start":{"line":92,"column":42},"end":{"line":92,"column":62}}},"13":{"name":"(anonymous_13)","line":107,"loc":{"start":{"line":107,"column":12},"end":{"line":107,"column":32}}},"14":{"name":"(anonymous_14)","line":113,"loc":{"start":{"line":113,"column":26},"end":{"line":113,"column":40}}},"15":{"name":"(anonymous_15)","line":119,"loc":{"start":{"line":119,"column":44},"end":{"line":119,"column":64}}},"16":{"name":"(anonymous_16)","line":135,"loc":{"start":{"line":135,"column":14},"end":{"line":135,"column":34}}},"17":{"name":"(anonymous_17)","line":141,"loc":{"start":{"line":141,"column":26},"end":{"line":141,"column":40}}},"18":{"name":"(anonymous_18)","line":147,"loc":{"start":{"line":147,"column":44},"end":{"line":147,"column":64}}},"19":{"name":"(anonymous_19)","line":152,"loc":{"start":{"line":152,"column":40},"end":{"line":152,"column":62}}}},"statementMap":{"1":{"start":{"line":8,"column":0},"end":{"line":8,"column":23}},"2":{"start":{"line":9,"column":0},"end":{"line":9,"column":49}},"3":{"start":{"line":18,"column":0},"end":{"line":160,"column":2}},"4":{"start":{"line":19,"column":2},"end":{"line":159,"column":4}},"5":{"start":{"line":27,"column":6},"end":{"line":27,"column":22}},"6":{"start":{"line":28,"column":6},"end":{"line":36,"column":9}},"7":{"start":{"line":29,"column":8},"end":{"line":32,"column":9}},"8":{"start":{"line":30,"column":10},"end":{"line":30,"column":20}},"9":{"start":{"line":31,"column":10},"end":{"line":31,"column":17}},"10":{"start":{"line":33,"column":8},"end":{"line":33,"column":22}},"11":{"start":{"line":34,"column":8},"end":{"line":34,"column":63}},"12":{"start":{"line":35,"column":8},"end":{"line":35,"column":15}},"13":{"start":{"line":44,"column":6},"end":{"line":44,"column":22}},"14":{"start":{"line":45,"column":6},"end":{"line":57,"column":9}},"15":{"start":{"line":46,"column":8},"end":{"line":48,"column":9}},"16":{"start":{"line":47,"column":10},"end":{"line":47,"column":20}},"17":{"start":{"line":49,"column":8},"end":{"line":56,"column":11}},"18":{"start":{"line":50,"column":10},"end":{"line":50,"column":27}},"19":{"start":{"line":51,"column":10},"end":{"line":55,"column":11}},"20":{"start":{"line":52,"column":12},"end":{"line":52,"column":22}},"21":{"start":{"line":54,"column":12},"end":{"line":54,"column":38}},"22":{"start":{"line":65,"column":6},"end":{"line":65,"column":22}},"23":{"start":{"line":66,"column":6},"end":{"line":80,"column":9}},"24":{"start":{"line":67,"column":8},"end":{"line":69,"column":9}},"25":{"start":{"line":68,"column":10},"end":{"line":68,"column":20}},"26":{"start":{"line":70,"column":8},"end":{"line":70,"column":20}},"27":{"start":{"line":71,"column":8},"end":{"line":71,"column":19}},"28":{"start":{"line":72,"column":8},"end":{"line":79,"column":11}},"29":{"start":{"line":73,"column":10},"end":{"line":73,"column":27}},"30":{"start":{"line":74,"column":10},"end":{"line":78,"column":11}},"31":{"start":{"line":75,"column":12},"end":{"line":75,"column":22}},"32":{"start":{"line":77,"column":12},"end":{"line":77,"column":38}},"33":{"start":{"line":87,"column":6},"end":{"line":87,"column":22}},"34":{"start":{"line":88,"column":6},"end":{"line":100,"column":9}},"35":{"start":{"line":89,"column":8},"end":{"line":91,"column":9}},"36":{"start":{"line":90,"column":10},"end":{"line":90,"column":20}},"37":{"start":{"line":92,"column":8},"end":{"line":99,"column":11}},"38":{"start":{"line":93,"column":10},"end":{"line":93,"column":27}},"39":{"start":{"line":94,"column":10},"end":{"line":98,"column":11}},"40":{"start":{"line":95,"column":12},"end":{"line":95,"column":22}},"41":{"start":{"line":97,"column":12},"end":{"line":97,"column":29}},"42":{"start":{"line":108,"column":6},"end":{"line":111,"column":7}},"43":{"start":{"line":109,"column":8},"end":{"line":109,"column":42}},"44":{"start":{"line":110,"column":8},"end":{"line":110,"column":15}},"45":{"start":{"line":112,"column":6},"end":{"line":112,"column":22}},"46":{"start":{"line":113,"column":6},"end":{"line":128,"column":9}},"47":{"start":{"line":114,"column":8},"end":{"line":116,"column":9}},"48":{"start":{"line":115,"column":10},"end":{"line":115,"column":20}},"49":{"start":{"line":117,"column":8},"end":{"line":117,"column":22}},"50":{"start":{"line":118,"column":8},"end":{"line":118,"column":35}},"51":{"start":{"line":119,"column":8},"end":{"line":127,"column":11}},"52":{"start":{"line":120,"column":10},"end":{"line":120,"column":27}},"53":{"start":{"line":121,"column":10},"end":{"line":121,"column":18}},"54":{"start":{"line":122,"column":10},"end":{"line":124,"column":11}},"55":{"start":{"line":123,"column":12},"end":{"line":123,"column":26}},"56":{"start":{"line":125,"column":10},"end":{"line":125,"column":27}},"57":{"start":{"line":126,"column":10},"end":{"line":126,"column":25}},"58":{"start":{"line":136,"column":6},"end":{"line":139,"column":7}},"59":{"start":{"line":137,"column":8},"end":{"line":137,"column":42}},"60":{"start":{"line":138,"column":8},"end":{"line":138,"column":15}},"61":{"start":{"line":140,"column":6},"end":{"line":140,"column":22}},"62":{"start":{"line":141,"column":6},"end":{"line":157,"column":9}},"63":{"start":{"line":142,"column":8},"end":{"line":144,"column":9}},"64":{"start":{"line":143,"column":10},"end":{"line":143,"column":20}},"65":{"start":{"line":145,"column":8},"end":{"line":145,"column":22}},"66":{"start":{"line":146,"column":8},"end":{"line":146,"column":35}},"67":{"start":{"line":147,"column":8},"end":{"line":156,"column":11}},"68":{"start":{"line":148,"column":10},"end":{"line":148,"column":18}},"69":{"start":{"line":149,"column":10},"end":{"line":151,"column":11}},"70":{"start":{"line":150,"column":12},"end":{"line":150,"column":26}},"71":{"start":{"line":152,"column":10},"end":{"line":155,"column":13}},"72":{"start":{"line":153,"column":12},"end":{"line":153,"column":29}},"73":{"start":{"line":154,"column":12},"end":{"line":154,"column":27}}},"branchMap":{"1":{"line":29,"type":"if","locations":[{"start":{"line":29,"column":8},"end":{"line":29,"column":8}},{"start":{"line":29,"column":8},"end":{"line":29,"column":8}}]},"2":{"line":46,"type":"if","locations":[{"start":{"line":46,"column":8},"end":{"line":46,"column":8}},{"start":{"line":46,"column":8},"end":{"line":46,"column":8}}]},"3":{"line":51,"type":"if","locations":[{"start":{"line":51,"column":10},"end":{"line":51,"column":10}},{"start":{"line":51,"column":10},"end":{"line":51,"column":10}}]},"4":{"line":67,"type":"if","locations":[{"start":{"line":67,"column":8},"end":{"line":67,"column":8}},{"start":{"line":67,"column":8},"end":{"line":67,"column":8}}]},"5":{"line":74,"type":"if","locations":[{"start":{"line":74,"column":10},"end":{"line":74,"column":10}},{"start":{"line":74,"column":10},"end":{"line":74,"column":10}}]},"6":{"line":89,"type":"if","locations":[{"start":{"line":89,"column":8},"end":{"line":89,"column":8}},{"start":{"line":89,"column":8},"end":{"line":89,"column":8}}]},"7":{"line":94,"type":"if","locations":[{"start":{"line":94,"column":10},"end":{"line":94,"column":10}},{"start":{"line":94,"column":10},"end":{"line":94,"column":10}}]},"8":{"line":108,"type":"if","locations":[{"start":{"line":108,"column":6},"end":{"line":108,"column":6}},{"start":{"line":108,"column":6},"end":{"line":108,"column":6}}]},"9":{"line":114,"type":"if","locations":[{"start":{"line":114,"column":8},"end":{"line":114,"column":8}},{"start":{"line":114,"column":8},"end":{"line":114,"column":8}}]},"10":{"line":122,"type":"if","locations":[{"start":{"line":122,"column":10},"end":{"line":122,"column":10}},{"start":{"line":122,"column":10},"end":{"line":122,"column":10}}]},"11":{"line":122,"type":"binary-expr","locations":[{"start":{"line":122,"column":13},"end":{"line":122,"column":17}},{"start":{"line":122,"column":21},"end":{"line":122,"column":38}}]},"12":{"line":136,"type":"if","locations":[{"start":{"line":136,"column":6},"end":{"line":136,"column":6}},{"start":{"line":136,"column":6},"end":{"line":136,"column":6}}]},"13":{"line":142,"type":"if","locations":[{"start":{"line":142,"column":8},"end":{"line":142,"column":8}},{"start":{"line":142,"column":8},"end":{"line":142,"column":8}}]},"14":{"line":149,"type":"if","locations":[{"start":{"line":149,"column":10},"end":{"line":149,"column":10}},{"start":{"line":149,"column":10},"end":{"line":149,"column":10}}]},"15":{"line":149,"type":"binary-expr","locations":[{"start":{"line":149,"column":13},"end":{"line":149,"column":17}},{"start":{"line":149,"column":21},"end":{"line":149,"column":38}}]}}}}