TN:
SF:/Users/randalkamradt/github/meta-app/meta-data/file-storage.js
FN:15,(anonymous_1)
FN:21,(anonymous_2)
FN:23,(anonymous_3)
FN:28,(anonymous_4)
FN:39,(anonymous_5)
FN:41,(anonymous_6)
FN:54,(anonymous_7)
FN:56,(anonymous_8)
FN:69,(anonymous_9)
FN:71,(anonymous_10)
FN:84,(anonymous_11)
FN:86,(anonymous_12)
FN:99,(anonymous_13)
FN:105,(anonymous_14)
FN:124,(anonymous_15)
FN:130,(anonymous_16)
FNF:16
FNH:16
FNDA:7,(anonymous_1)
FNDA:14,(anonymous_2)
FNDA:14,(anonymous_3)
FNDA:8,(anonymous_4)
FNDA:14,(anonymous_5)
FNDA:14,(anonymous_6)
FNDA:5,(anonymous_7)
FNDA:5,(anonymous_8)
FNDA:1,(anonymous_9)
FNDA:1,(anonymous_10)
FNDA:4,(anonymous_11)
FNDA:4,(anonymous_12)
FNDA:2,(anonymous_13)
FNDA:2,(anonymous_14)
FNDA:2,(anonymous_15)
FNDA:2,(anonymous_16)
DA:8,1
DA:15,1
DA:16,7
DA:22,14
DA:23,14
DA:24,14
DA:25,6
DA:26,6
DA:28,8
DA:29,8
DA:30,0
DA:32,8
DA:33,8
DA:40,14
DA:41,14
DA:42,14
DA:43,0
DA:45,14
DA:55,5
DA:56,5
DA:57,5
DA:58,0
DA:60,5
DA:61,5
DA:70,1
DA:71,1
DA:72,1
DA:73,0
DA:75,1
DA:76,1
DA:77,1
DA:85,4
DA:86,4
DA:87,4
DA:88,0
DA:90,4
DA:91,4
DA:100,2
DA:101,0
DA:102,0
DA:104,2
DA:105,2
DA:106,2
DA:107,0
DA:109,2
DA:110,2
DA:111,2
DA:112,2
DA:113,2
DA:116,2
DA:125,2
DA:126,0
DA:127,0
DA:129,2
DA:130,2
DA:131,2
DA:132,0
DA:134,2
DA:135,2
DA:136,3
DA:137,1
DA:138,1
DA:141,2
LF:63
LH:52
BRDA:24,1,0,6
BRDA:24,1,1,8
BRDA:29,2,0,0
BRDA:29,2,1,8
BRDA:42,3,0,0
BRDA:42,3,1,14
BRDA:57,4,0,0
BRDA:57,4,1,5
BRDA:72,5,0,0
BRDA:72,5,1,1
BRDA:87,6,0,0
BRDA:87,6,1,4
BRDA:100,7,0,0
BRDA:100,7,1,2
BRDA:106,8,0,0
BRDA:106,8,1,2
BRDA:111,9,0,2
BRDA:111,9,1,0
BRDA:125,10,0,0
BRDA:125,10,1,2
BRDA:131,11,0,0
BRDA:131,11,1,2
BRDA:136,12,0,1
BRDA:136,12,1,2
BRF:24
BRH:14
end_of_record
TN:
SF:/Users/randalkamradt/github/meta-app/meta-data/meta-models.js
FN:15,(anonymous_1)
FN:18,(anonymous_2)
FN:26,(anonymous_3)
FN:34,(anonymous_4)
FNF:4
FNH:4
FNDA:9,(anonymous_1)
FNDA:9,(anonymous_2)
FNDA:1,(anonymous_3)
FNDA:12,(anonymous_4)
DA:13,1
DA:15,1
DA:16,9
DA:19,9
DA:20,9
DA:21,18
DA:24,9
DA:27,1
DA:35,12
DA:36,12
DA:37,1
DA:39,11
LF:12
LH:12
BRDA:36,1,0,1
BRDA:36,1,1,11
BRF:2
BRH:2
end_of_record
TN:
SF:/Users/randalkamradt/github/meta-app/meta-data/meta-model.js
FN:3,(anonymous_1)
FN:7,(anonymous_2)
FN:15,(anonymous_3)
FN:22,(anonymous_4)
FN:25,(anonymous_5)
FN:28,(anonymous_6)
FN:31,(anonymous_7)
FN:39,(anonymous_8)
FN:60,(anonymous_9)
FNF:9
FNH:9
FNDA:27,(anonymous_1)
FNDA:27,(anonymous_2)
FNDA:27,(anonymous_3)
FNDA:3,(anonymous_4)
FNDA:166,(anonymous_5)
FNDA:472,(anonymous_6)
FNDA:22,(anonymous_7)
FNDA:32,(anonymous_8)
FNDA:36,(anonymous_9)
DA:1,1
DA:3,1
DA:4,27
DA:8,27
DA:9,27
DA:10,90
DA:13,27
DA:16,27
DA:17,72
DA:18,18
DA:23,3
DA:26,166
DA:29,472
DA:32,22
DA:40,32
DA:41,129
DA:42,129
DA:43,324
DA:44,324
DA:45,128
DA:46,128
DA:49,129
DA:50,1
DA:52,128
DA:61,36
DA:62,36
DA:63,144
DA:64,144
DA:65,0
DA:68,36
DA:69,32
DA:71,35
LF:32
LH:31
BRDA:17,1,0,18
BRDA:17,1,1,54
BRDA:44,2,0,128
BRDA:44,2,1,196
BRDA:49,3,0,1
BRDA:49,3,1,128
BRDA:64,4,0,0
BRDA:64,4,1,144
BRDA:68,5,0,32
BRDA:68,5,1,4
BRF:10
BRH:9
end_of_record
TN:
SF:/Users/randalkamradt/github/meta-app/meta-data/meta-property.js
FN:3,(anonymous_1)
FN:5,(anonymous_2)
FN:33,(anonymous_3)
FN:36,(anonymous_4)
FN:39,(anonymous_5)
FN:42,(anonymous_6)
FN:45,(anonymous_7)
FN:48,(anonymous_8)
FN:51,(anonymous_9)
FN:58,(anonymous_10)
FNF:10
FNH:9
FNDA:108,(anonymous_1)
FNDA:108,(anonymous_2)
FNDA:3,(anonymous_3)
FNDA:5,(anonymous_4)
FNDA:326,(anonymous_5)
FNDA:146,(anonymous_6)
FNDA:3,(anonymous_7)
FNDA:3,(anonymous_8)
FNDA:4,(anonymous_9)
FNDA:0,(anonymous_10)
DA:1,1
DA:3,1
DA:4,108
DA:6,108
DA:7,1
DA:9,107
DA:10,74
DA:12,33
DA:14,107
DA:15,107
DA:16,107
DA:17,107
DA:18,107
DA:19,107
DA:20,107
DA:21,106
DA:22,1
DA:25,1
DA:26,0
DA:29,107
DA:30,0
DA:34,3
DA:37,5
DA:40,326
DA:43,146
DA:46,3
DA:49,3
DA:52,4
DA:53,2
DA:56,4
DA:59,0
DA:60,0
DA:62,0
DA:63,0
DA:65,0
DA:66,0
DA:68,0
DA:71,108
DA:72,107
LF:39
LH:30
BRDA:6,1,0,1
BRDA:6,1,1,107
BRDA:9,2,0,74
BRDA:9,2,1,33
BRDA:14,3,0,107
BRDA:14,3,1,88
BRDA:16,4,0,107
BRDA:16,4,1,106
BRDA:18,5,0,107
BRDA:18,5,1,105
BRDA:20,6,0,106
BRDA:20,6,1,1
BRDA:21,7,0,1
BRDA:21,7,1,105
BRDA:25,8,0,0
BRDA:25,8,1,1
BRDA:29,9,0,0
BRDA:29,9,1,107
BRDA:29,10,0,107
BRDA:29,10,1,2
BRDA:29,10,2,0
BRDA:49,11,0,3
BRDA:49,11,1,2
BRDA:52,12,0,2
BRDA:52,12,1,2
BRDA:52,13,0,4
BRDA:52,13,1,2
BRDA:53,14,0,2
BRDA:53,14,1,0
BRDA:59,15,0,0
BRDA:59,15,1,0
BRDA:62,16,0,0
BRDA:62,16,1,0
BRDA:65,17,0,0
BRDA:65,17,1,0
BRF:35
BRH:25
end_of_record
TN:
SF:/Users/randalkamradt/github/meta-app/meta-data/meta-rest.js
FN:16,(anonymous_1)
FN:26,(anonymous_2)
FN:27,(anonymous_3)
FN:36,(anonymous_4)
FN:37,(anonymous_5)
FN:51,(anonymous_6)
FN:54,(anonymous_7)
FN:63,(anonymous_8)
FN:68,(anonymous_9)
FN:82,(anonymous_10)
FN:84,(anonymous_11)
FN:93,(anonymous_12)
FN:94,(anonymous_13)
FN:123,(anonymous_14)
FN:129,(anonymous_15)
FN:133,(anonymous_16)
FNF:16
FNH:2
FNDA:2,(anonymous_1)
FNDA:0,(anonymous_2)
FNDA:0,(anonymous_3)
FNDA:0,(anonymous_4)
FNDA:0,(anonymous_5)
FNDA:0,(anonymous_6)
FNDA:0,(anonymous_7)
FNDA:0,(anonymous_8)
FNDA:0,(anonymous_9)
FNDA:0,(anonymous_10)
FNDA:0,(anonymous_11)
FNDA:0,(anonymous_12)
FNDA:0,(anonymous_13)
FNDA:1,(anonymous_14)
FNDA:0,(anonymous_15)
FNDA:0,(anonymous_16)
DA:16,1
DA:17,2
DA:18,2
DA:19,0
DA:20,0
DA:23,2
DA:24,2
DA:26,0
DA:27,0
DA:28,0
DA:29,0
DA:31,0
DA:33,0
DA:36,0
DA:37,0
DA:38,0
DA:39,0
DA:40,0
DA:42,0
DA:43,0
DA:45,0
DA:48,0
DA:51,0
DA:52,0
DA:53,0
DA:54,0
DA:55,0
DA:56,0
DA:57,0
DA:59,0
DA:60,0
DA:61,0
DA:63,0
DA:64,0
DA:65,0
DA:66,0
DA:68,0
DA:69,0
DA:70,0
DA:72,0
DA:74,0
DA:82,0
DA:83,0
DA:84,0
DA:85,0
DA:86,0
DA:88,0
DA:90,0
DA:93,0
DA:94,0
DA:95,0
DA:96,0
DA:98,0
DA:100,0
DA:123,1
DA:124,1
DA:125,2
DA:126,2
DA:127,2
DA:129,1
DA:130,0
DA:131,0
DA:133,1
DA:134,0
DA:135,0
DA:136,0
DA:137,0
DA:138,0
DA:139,0
DA:142,0
DA:143,0
DA:145,0
DA:147,0
LF:73
LH:12
BRDA:19,1,0,0
BRDA:19,1,1,0
BRDA:23,2,0,2
BRDA:23,2,1,0
BRDA:28,3,0,0
BRDA:28,3,1,0
BRDA:38,4,0,0
BRDA:38,4,1,0
BRDA:42,5,0,0
BRDA:42,5,1,0
BRDA:55,6,0,0
BRDA:55,6,1,0
BRDA:59,7,0,0
BRDA:59,7,1,0
BRDA:64,8,0,0
BRDA:64,8,1,0
BRDA:69,9,0,0
BRDA:69,9,1,0
BRDA:85,10,0,0
BRDA:85,10,1,0
BRDA:95,11,0,0
BRDA:95,11,1,0
BRDA:137,12,0,0
BRDA:137,12,1,0
BRDA:142,13,0,0
BRDA:142,13,1,0
BRF:26
BRH:1
end_of_record
TN:
SF:/Users/randalkamradt/github/meta-app/index.js
FN:25,(anonymous_1)
FN:34,(anonymous_2)
FN:42,(anonymous_3)
FN:52,(anonymous_4)
FN:59,(anonymous_5)
FN:67,(anonymous_6)
FNF:6
FNH:6
FNDA:5,(anonymous_1)
FNDA:1,(anonymous_2)
FNDA:2,(anonymous_3)
FNDA:1,(anonymous_4)
FNDA:1,(anonymous_5)
FNDA:1,(anonymous_6)
DA:8,1
DA:9,1
DA:10,1
DA:11,1
DA:12,1
DA:25,1
DA:26,5
DA:35,1
DA:43,2
DA:53,1
DA:60,1
DA:68,1
LF:12
LH:12
BRF:0
BRH:0
end_of_record
TN:
SF:/Users/randalkamradt/github/meta-app/meta-data/mem-storage.js
FN:13,(anonymous_1)
FN:23,(anonymous_2)
FN:32,(anonymous_3)
FN:41,(anonymous_4)
FN:50,(anonymous_5)
FN:69,(anonymous_6)
FNF:6
FNH:6
FNDA:8,(anonymous_1)
FNDA:5,(anonymous_2)
FNDA:1,(anonymous_3)
FNDA:4,(anonymous_4)
FNDA:2,(anonymous_5)
FNDA:2,(anonymous_6)
DA:13,1
DA:14,8
DA:24,5
DA:25,5
DA:33,1
DA:34,1
DA:35,1
DA:42,4
DA:43,4
DA:51,2
DA:52,0
DA:53,0
DA:55,2
DA:56,2
DA:57,2
DA:58,2
DA:59,2
DA:62,2
DA:70,2
DA:71,0
DA:72,0
DA:74,2
DA:75,2
DA:76,3
DA:77,1
DA:78,1
DA:81,2
LF:27
LH:23
BRDA:51,1,0,0
BRDA:51,1,1,2
BRDA:57,2,0,2
BRDA:57,2,1,0
BRDA:70,3,0,0
BRDA:70,3,1,2
BRDA:76,4,0,1
BRDA:76,4,1,2
BRF:8
BRH:5
end_of_record
TN:
SF:/Users/randalkamradt/github/meta-app/meta-data/mongo-storage.js
FN:18,(anonymous_1)
FN:26,(anonymous_2)
FN:28,(anonymous_3)
FN:43,(anonymous_4)
FN:45,(anonymous_5)
FN:49,(anonymous_6)
FN:64,(anonymous_7)
FN:66,(anonymous_8)
FN:72,(anonymous_9)
FN:86,(anonymous_10)
FN:88,(anonymous_11)
FN:92,(anonymous_12)
FN:107,(anonymous_13)
FN:113,(anonymous_14)
FN:119,(anonymous_15)
FN:135,(anonymous_16)
FN:141,(anonymous_17)
FN:147,(anonymous_18)
FN:152,(anonymous_19)
FNF:19
FNH:19
FNDA:7,(anonymous_1)
FNDA:14,(anonymous_2)
FNDA:14,(anonymous_3)
FNDA:5,(anonymous_4)
FNDA:5,(anonymous_5)
FNDA:5,(anonymous_6)
FNDA:1,(anonymous_7)
FNDA:1,(anonymous_8)
FNDA:1,(anonymous_9)
FNDA:4,(anonymous_10)
FNDA:4,(anonymous_11)
FNDA:4,(anonymous_12)
FNDA:2,(anonymous_13)
FNDA:2,(anonymous_14)
FNDA:2,(anonymous_15)
FNDA:2,(anonymous_16)
FNDA:2,(anonymous_17)
FNDA:2,(anonymous_18)
FNDA:2,(anonymous_19)
DA:8,1
DA:9,1
DA:18,1
DA:19,7
DA:27,14
DA:28,14
DA:29,14
DA:30,0
DA:31,0
DA:33,14
DA:34,14
DA:35,14
DA:44,5
DA:45,5
DA:46,5
DA:47,0
DA:49,5
DA:50,5
DA:51,5
DA:52,0
DA:54,5
DA:65,1
DA:66,1
DA:67,1
DA:68,0
DA:70,1
DA:71,1
DA:72,1
DA:73,1
DA:74,1
DA:75,0
DA:77,1
DA:87,4
DA:88,4
DA:89,4
DA:90,0
DA:92,4
DA:93,4
DA:94,4
DA:95,0
DA:97,4
DA:108,2
DA:109,0
DA:110,0
DA:112,2
DA:113,2
DA:114,2
DA:115,0
DA:117,2
DA:118,2
DA:119,2
DA:120,2
DA:121,2
DA:122,2
DA:123,2
DA:125,2
DA:126,2
DA:136,2
DA:137,0
DA:138,0
DA:140,2
DA:141,2
DA:142,2
DA:143,0
DA:145,2
DA:146,2
DA:147,2
DA:148,2
DA:149,2
DA:150,1
DA:152,2
DA:153,2
DA:154,2
LF:73
LH:59
BRDA:29,1,0,0
BRDA:29,1,1,14
BRDA:46,2,0,0
BRDA:46,2,1,5
BRDA:51,3,0,0
BRDA:51,3,1,5
BRDA:67,4,0,0
BRDA:67,4,1,1
BRDA:74,5,0,0
BRDA:74,5,1,1
BRDA:89,6,0,0
BRDA:89,6,1,4
BRDA:94,7,0,0
BRDA:94,7,1,4
BRDA:108,8,0,0
BRDA:108,8,1,2
BRDA:114,9,0,0
BRDA:114,9,1,2
BRDA:122,10,0,2
BRDA:122,10,1,0
BRDA:122,11,0,2
BRDA:122,11,1,2
BRDA:136,12,0,0
BRDA:136,12,1,2
BRDA:142,13,0,0
BRDA:142,13,1,2
BRDA:149,14,0,1
BRDA:149,14,1,1
BRDA:149,15,0,2
BRDA:149,15,1,2
BRF:30
BRH:18
end_of_record
