TN:
SF:/Users/randalkamradt/github/meta-app/meta-data/meta-models.js
FN:22,(anonymous_1)
FN:25,(anonymous_2)
FN:33,(anonymous_3)
FN:41,(anonymous_4)
FNF:4
FNH:4
FNDA:10,(anonymous_1)
FNDA:10,(anonymous_2)
FNDA:3,(anonymous_3)
FNDA:16,(anonymous_4)
DA:13,1
DA:22,1
DA:23,10
DA:26,10
DA:27,10
DA:28,20
DA:31,10
DA:34,3
DA:42,16
DA:43,16
DA:44,1
DA:46,15
LF:12
LH:12
BRDA:43,1,0,1
BRDA:43,1,1,15
BRF:2
BRH:2
end_of_record
TN:
SF:/Users/randalkamradt/github/meta-app/meta-data/meta-model.js
FN:16,(anonymous_1)
FN:20,(anonymous_2)
FN:28,(anonymous_3)
FN:39,(anonymous_4)
FN:46,(anonymous_5)
FN:54,(anonymous_6)
FN:61,(anonymous_7)
FN:69,(anonymous_8)
FN:90,(anonymous_9)
FN:114,(anonymous_10)
FNF:10
FNH:10
FNDA:31,(anonymous_1)
FNDA:31,(anonymous_2)
FNDA:31,(anonymous_3)
FNDA:14,(anonymous_4)
FNDA:169,(anonymous_5)
FNDA:501,(anonymous_6)
FNDA:30,(anonymous_7)
FNDA:32,(anonymous_8)
FNDA:39,(anonymous_9)
FNDA:10,(anonymous_10)
DA:8,1
DA:16,1
DA:17,31
DA:21,31
DA:22,31
DA:23,98
DA:26,31
DA:29,31
DA:30,79
DA:31,19
DA:40,14
DA:47,169
DA:55,501
DA:62,30
DA:70,32
DA:71,129
DA:72,129
DA:73,324
DA:74,324
DA:75,128
DA:76,128
DA:79,129
DA:80,1
DA:82,128
DA:91,39
DA:92,39
DA:93,156
DA:94,156
DA:95,0
DA:98,39
DA:99,32
DA:101,38
DA:115,10
DA:116,17
DA:117,17
DA:118,1
DA:120,16
DA:121,3
DA:124,6
LF:39
LH:38
BRDA:30,1,0,19
BRDA:30,1,1,60
BRDA:74,2,0,128
BRDA:74,2,1,196
BRDA:79,3,0,1
BRDA:79,3,1,128
BRDA:94,4,0,0
BRDA:94,4,1,156
BRDA:98,5,0,32
BRDA:98,5,1,7
BRDA:117,6,0,1
BRDA:117,6,1,16
BRDA:120,7,0,3
BRDA:120,7,1,13
BRF:14
BRH:13
end_of_record
TN:
SF:/Users/randalkamradt/github/meta-app/meta-data/meta-property.js
FN:15,(anonymous_1)
FN:29,(anonymous_2)
FN:61,(anonymous_3)
FN:68,(anonymous_4)
FN:75,(anonymous_5)
FN:82,(anonymous_6)
FN:85,(anonymous_7)
FN:88,(anonymous_8)
FN:91,(anonymous_9)
FN:94,(anonymous_10)
FNF:10
FNH:10
FNDA:137,(anonymous_1)
FNDA:137,(anonymous_2)
FNDA:3,(anonymous_3)
FNDA:5,(anonymous_4)
FNDA:361,(anonymous_5)
FNDA:158,(anonymous_6)
FNDA:3,(anonymous_7)
FNDA:3,(anonymous_8)
FNDA:36,(anonymous_9)
FNDA:20,(anonymous_10)
DA:8,1
DA:15,1
DA:16,137
DA:30,137
DA:31,1
DA:33,136
DA:34,97
DA:36,39
DA:38,136
DA:39,136
DA:40,136
DA:41,136
DA:42,136
DA:43,136
DA:44,136
DA:45,133
DA:46,41
DA:49,3
DA:50,0
DA:53,136
DA:54,0
DA:62,3
DA:69,5
DA:76,361
DA:83,158
DA:86,3
DA:89,3
DA:92,36
DA:95,20
DA:96,0
DA:98,20
DA:99,12
DA:101,8
DA:104,137
DA:105,136
LF:35
LH:32
BRDA:30,1,0,1
BRDA:30,1,1,136
BRDA:33,2,0,97
BRDA:33,2,1,39
BRDA:38,3,0,136
BRDA:38,3,1,97
BRDA:40,4,0,136
BRDA:40,4,1,135
BRDA:40,4,2,96
BRDA:42,5,0,136
BRDA:42,5,1,94
BRDA:44,6,0,133
BRDA:44,6,1,3
BRDA:45,7,0,41
BRDA:45,7,1,92
BRDA:49,8,0,0
BRDA:49,8,1,3
BRDA:53,9,0,0
BRDA:53,9,1,136
BRDA:53,10,0,136
BRDA:53,10,1,44
BRDA:53,10,2,0
BRDA:95,11,0,0
BRDA:95,11,1,20
BRDA:98,12,0,12
BRDA:98,12,1,8
BRF:26
BRH:22
end_of_record
TN:
SF:/Users/randalkamradt/github/meta-app/meta-data/file-storage.js
FN:15,(anonymous_1)
FN:21,(anonymous_2)
FN:23,(anonymous_3)
FN:28,(anonymous_4)
FN:39,(anonymous_5)
FN:41,(anonymous_6)
FN:54,(anonymous_7)
FN:56,(anonymous_8)
FN:69,(anonymous_9)
FN:71,(anonymous_10)
FN:85,(anonymous_11)
FN:92,(anonymous_12)
FN:115,(anonymous_13)
FN:117,(anonymous_14)
FN:130,(anonymous_15)
FN:136,(anonymous_16)
FN:155,(anonymous_17)
FN:161,(anonymous_18)
FNF:18
FNH:18
FNDA:8,(anonymous_1)
FNDA:18,(anonymous_2)
FNDA:18,(anonymous_3)
FNDA:11,(anonymous_4)
FNDA:18,(anonymous_5)
FNDA:18,(anonymous_6)
FNDA:5,(anonymous_7)
FNDA:5,(anonymous_8)
FNDA:2,(anonymous_9)
FNDA:2,(anonymous_10)
FNDA:1,(anonymous_11)
FNDA:1,(anonymous_12)
FNDA:4,(anonymous_13)
FNDA:4,(anonymous_14)
FNDA:4,(anonymous_15)
FNDA:4,(anonymous_16)
FNDA:2,(anonymous_17)
FNDA:2,(anonymous_18)
DA:8,1
DA:15,1
DA:16,8
DA:22,18
DA:23,18
DA:24,18
DA:25,7
DA:26,7
DA:28,11
DA:29,11
DA:30,0
DA:32,11
DA:33,11
DA:40,18
DA:41,18
DA:42,18
DA:43,0
DA:45,18
DA:55,5
DA:56,5
DA:57,5
DA:58,0
DA:60,5
DA:61,5
DA:70,2
DA:71,2
DA:72,2
DA:73,0
DA:75,2
DA:76,2
DA:77,2
DA:86,1
DA:87,0
DA:88,0
DA:90,1
DA:91,1
DA:92,1
DA:93,1
DA:94,0
DA:96,1
DA:97,1
DA:98,1
DA:99,1
DA:100,1
DA:103,1
DA:104,0
DA:106,1
DA:108,1
DA:116,4
DA:117,4
DA:118,4
DA:119,0
DA:121,4
DA:122,4
DA:131,4
DA:132,0
DA:133,0
DA:135,4
DA:136,4
DA:137,4
DA:138,0
DA:140,4
DA:141,4
DA:142,4
DA:143,4
DA:144,4
DA:147,4
DA:156,2
DA:157,0
DA:158,0
DA:160,2
DA:161,2
DA:162,2
DA:163,0
DA:165,2
DA:166,2
DA:167,3
DA:168,1
DA:169,1
DA:172,2
LF:80
LH:65
BRDA:24,1,0,7
BRDA:24,1,1,11
BRDA:29,2,0,0
BRDA:29,2,1,11
BRDA:42,3,0,0
BRDA:42,3,1,18
BRDA:57,4,0,0
BRDA:57,4,1,5
BRDA:72,5,0,0
BRDA:72,5,1,2
BRDA:86,6,0,0
BRDA:86,6,1,1
BRDA:93,7,0,0
BRDA:93,7,1,1
BRDA:98,8,0,1
BRDA:98,8,1,0
BRDA:103,9,0,0
BRDA:103,9,1,1
BRDA:118,10,0,0
BRDA:118,10,1,4
BRDA:131,11,0,0
BRDA:131,11,1,4
BRDA:137,12,0,0
BRDA:137,12,1,4
BRDA:142,13,0,4
BRDA:142,13,1,0
BRDA:156,14,0,0
BRDA:156,14,1,2
BRDA:162,15,0,0
BRDA:162,15,1,2
BRDA:167,16,0,1
BRDA:167,16,1,2
BRF:32
BRH:18
end_of_record
TN:
SF:/Users/randalkamradt/github/meta-app/index.js
FN:25,(anonymous_1)
FN:34,(anonymous_2)
FN:42,(anonymous_3)
FN:52,(anonymous_4)
FN:59,(anonymous_5)
FN:67,(anonymous_6)
FNF:6
FNH:6
FNDA:5,(anonymous_1)
FNDA:1,(anonymous_2)
FNDA:2,(anonymous_3)
FNDA:1,(anonymous_4)
FNDA:1,(anonymous_5)
FNDA:1,(anonymous_6)
DA:8,1
DA:9,1
DA:10,1
DA:11,1
DA:12,1
DA:25,1
DA:26,5
DA:35,1
DA:43,2
DA:53,1
DA:60,1
DA:68,1
LF:12
LH:12
BRF:0
BRH:0
end_of_record
TN:
SF:/Users/randalkamradt/github/meta-app/meta-data/mem-storage.js
FN:13,(anonymous_1)
FN:18,(anonymous_2)
FN:30,(anonymous_3)
FN:41,(anonymous_4)
FN:51,(anonymous_5)
FN:75,(anonymous_6)
FN:87,(anonymous_7)
FN:106,(anonymous_8)
FNF:8
FNH:8
FNDA:10,(anonymous_1)
FNDA:30,(anonymous_2)
FNDA:5,(anonymous_3)
FNDA:3,(anonymous_4)
FNDA:2,(anonymous_5)
FNDA:4,(anonymous_6)
FNDA:9,(anonymous_7)
FNDA:3,(anonymous_8)
DA:13,1
DA:14,10
DA:19,30
DA:20,30
DA:21,114
DA:23,30
DA:31,5
DA:32,10
DA:34,5
DA:42,3
DA:43,3
DA:44,3
DA:52,2
DA:53,0
DA:54,0
DA:56,2
DA:57,2
DA:58,2
DA:59,2
DA:60,2
DA:61,2
DA:64,2
DA:65,0
DA:67,2
DA:69,2
DA:76,4
DA:77,4
DA:78,7
DA:80,4
DA:88,9
DA:89,0
DA:90,0
DA:92,9
DA:93,9
DA:94,8
DA:95,8
DA:96,8
DA:99,9
DA:107,3
DA:108,0
DA:109,0
DA:111,3
DA:112,3
DA:113,4
DA:114,2
DA:115,2
DA:118,3
LF:47
LH:40
BRDA:52,1,0,0
BRDA:52,1,1,2
BRDA:59,2,0,2
BRDA:59,2,1,0
BRDA:64,3,0,0
BRDA:64,3,1,2
BRDA:88,4,0,0
BRDA:88,4,1,9
BRDA:94,5,0,8
BRDA:94,5,1,0
BRDA:107,6,0,0
BRDA:107,6,1,3
BRDA:113,7,0,2
BRDA:113,7,1,2
BRF:14
BRH:8
end_of_record
TN:
SF:/Users/randalkamradt/github/meta-app/meta-data/mongo-storage.js
FN:18,(anonymous_1)
FN:26,(anonymous_2)
FN:28,(anonymous_3)
FN:43,(anonymous_4)
FN:45,(anonymous_5)
FN:49,(anonymous_6)
FN:64,(anonymous_7)
FN:66,(anonymous_8)
FN:72,(anonymous_9)
FN:86,(anonymous_10)
FN:88,(anonymous_11)
FN:92,(anonymous_12)
FN:107,(anonymous_13)
FN:113,(anonymous_14)
FN:119,(anonymous_15)
FN:135,(anonymous_16)
FN:142,(anonymous_17)
FN:148,(anonymous_18)
FN:152,(anonymous_19)
FN:164,(anonymous_20)
FN:170,(anonymous_21)
FN:176,(anonymous_22)
FN:181,(anonymous_23)
FNF:23
FNH:23
FNDA:8,(anonymous_1)
FNDA:18,(anonymous_2)
FNDA:18,(anonymous_3)
FNDA:5,(anonymous_4)
FNDA:5,(anonymous_5)
FNDA:5,(anonymous_6)
FNDA:2,(anonymous_7)
FNDA:2,(anonymous_8)
FNDA:2,(anonymous_9)
FNDA:4,(anonymous_10)
FNDA:4,(anonymous_11)
FNDA:4,(anonymous_12)
FNDA:4,(anonymous_13)
FNDA:4,(anonymous_14)
FNDA:4,(anonymous_15)
FNDA:1,(anonymous_16)
FNDA:1,(anonymous_17)
FNDA:1,(anonymous_18)
FNDA:1,(anonymous_19)
FNDA:2,(anonymous_20)
FNDA:2,(anonymous_21)
FNDA:2,(anonymous_22)
FNDA:2,(anonymous_23)
DA:8,1
DA:9,1
DA:18,1
DA:19,8
DA:27,18
DA:28,18
DA:29,18
DA:30,0
DA:31,0
DA:33,18
DA:34,18
DA:35,18
DA:44,5
DA:45,5
DA:46,5
DA:47,0
DA:49,5
DA:50,5
DA:51,5
DA:52,0
DA:54,5
DA:65,2
DA:66,2
DA:67,2
DA:68,0
DA:70,2
DA:71,2
DA:72,2
DA:73,2
DA:74,2
DA:75,0
DA:77,2
DA:87,4
DA:88,4
DA:89,4
DA:90,0
DA:92,4
DA:93,4
DA:94,4
DA:95,0
DA:97,4
DA:108,4
DA:109,0
DA:110,0
DA:112,4
DA:113,4
DA:114,4
DA:115,0
DA:117,4
DA:118,4
DA:119,4
DA:120,4
DA:121,4
DA:122,4
DA:123,4
DA:125,4
DA:126,4
DA:136,1
DA:137,0
DA:138,0
DA:140,1
DA:141,1
DA:142,1
DA:143,1
DA:144,0
DA:146,1
DA:147,1
DA:148,1
DA:149,1
DA:150,0
DA:152,1
DA:153,1
DA:154,1
DA:165,2
DA:166,0
DA:167,0
DA:169,2
DA:170,2
DA:171,2
DA:172,0
DA:174,2
DA:175,2
DA:176,2
DA:177,2
DA:178,2
DA:179,1
DA:181,2
DA:182,2
DA:183,2
LF:89
LH:71
BRDA:29,1,0,0
BRDA:29,1,1,18
BRDA:46,2,0,0
BRDA:46,2,1,5
BRDA:51,3,0,0
BRDA:51,3,1,5
BRDA:67,4,0,0
BRDA:67,4,1,2
BRDA:74,5,0,0
BRDA:74,5,1,2
BRDA:89,6,0,0
BRDA:89,6,1,4
BRDA:94,7,0,0
BRDA:94,7,1,4
BRDA:108,8,0,0
BRDA:108,8,1,4
BRDA:114,9,0,0
BRDA:114,9,1,4
BRDA:122,10,0,4
BRDA:122,10,1,0
BRDA:122,11,0,4
BRDA:122,11,1,4
BRDA:136,12,0,0
BRDA:136,12,1,1
BRDA:143,13,0,0
BRDA:143,13,1,1
BRDA:149,14,0,0
BRDA:149,14,1,1
BRDA:165,15,0,0
BRDA:165,15,1,2
BRDA:171,16,0,0
BRDA:171,16,1,2
BRDA:178,17,0,1
BRDA:178,17,1,1
BRDA:178,18,0,2
BRDA:178,18,1,2
BRF:36
BRH:21
end_of_record
TN:
SF:/Users/randalkamradt/github/meta-app/meta-data/meta-rest.js
FN:16,(anonymous_1)
FN:21,(anonymous_2)
FN:22,(anonymous_3)
FN:31,(anonymous_4)
FN:32,(anonymous_5)
FN:45,(anonymous_6)
FN:53,(anonymous_7)
FN:62,(anonymous_8)
FN:74,(anonymous_9)
FN:82,(anonymous_10)
FN:91,(anonymous_11)
FN:92,(anonymous_12)
FN:121,(anonymous_13)
FN:126,(anonymous_14)
FN:130,(anonymous_15)
FNF:15
FNH:13
FNDA:4,(anonymous_1)
FNDA:0,(anonymous_2)
FNDA:0,(anonymous_3)
FNDA:4,(anonymous_4)
FNDA:4,(anonymous_5)
FNDA:1,(anonymous_6)
FNDA:1,(anonymous_7)
FNDA:1,(anonymous_8)
FNDA:2,(anonymous_9)
FNDA:1,(anonymous_10)
FNDA:1,(anonymous_11)
FNDA:1,(anonymous_12)
FNDA:2,(anonymous_13)
FNDA:1,(anonymous_14)
FNDA:1,(anonymous_15)
DA:16,1
DA:17,4
DA:18,4
DA:19,2
DA:21,2
DA:22,0
DA:23,0
DA:24,0
DA:26,0
DA:28,0
DA:31,2
DA:32,4
DA:33,4
DA:34,0
DA:36,4
DA:37,1
DA:39,3
DA:42,4
DA:45,2
DA:46,1
DA:47,1
DA:48,1
DA:49,0
DA:50,0
DA:51,0
DA:53,1
DA:54,1
DA:55,0
DA:56,0
DA:58,1
DA:59,0
DA:60,0
DA:62,1
DA:63,1
DA:64,0
DA:66,1
DA:68,1
DA:74,2
DA:75,2
DA:76,2
DA:77,2
DA:78,1
DA:79,1
DA:80,1
DA:82,1
DA:83,1
DA:84,0
DA:86,1
DA:88,1
DA:91,2
DA:92,1
DA:93,1
DA:94,0
DA:96,1
DA:98,1
DA:121,1
DA:122,2
DA:123,4
DA:124,4
DA:126,2
DA:127,1
DA:128,1
DA:130,2
DA:131,1
DA:132,1
DA:133,1
DA:134,1
DA:135,1
DA:136,1
DA:139,1
DA:140,0
DA:142,1
DA:144,1
LF:73
LH:56
BRDA:18,1,0,2
BRDA:18,1,1,2
BRDA:23,2,0,0
BRDA:23,2,1,0
BRDA:33,3,0,0
BRDA:33,3,1,4
BRDA:36,4,0,1
BRDA:36,4,1,3
BRDA:48,5,0,0
BRDA:48,5,1,1
BRDA:54,6,0,0
BRDA:54,6,1,1
BRDA:58,7,0,0
BRDA:58,7,1,1
BRDA:63,8,0,0
BRDA:63,8,1,1
BRDA:77,9,0,1
BRDA:77,9,1,1
BRDA:83,10,0,0
BRDA:83,10,1,1
BRDA:93,11,0,0
BRDA:93,11,1,1
BRDA:134,12,0,1
BRDA:134,12,1,0
BRDA:139,13,0,0
BRDA:139,13,1,1
BRF:26
BRH:15
end_of_record
